2013-02-11 13:13:50,599 INFO  org.springframework.web.context.ContextLoader - Root WebApplicationContext: initialization started
2013-02-11 13:13:50,864 INFO  org.springframework.web.context.support.XmlWebApplicationContext - Refreshing Root WebApplicationContext: startup date [Mon Feb 11 13:13:50 EET 2013]; root of context hierarchy
2013-02-11 13:13:51,049 INFO  org.springframework.beans.factory.xml.XmlBeanDefinitionReader - Loading XML bean definitions from class path resource [applicationContext.xml]
2013-02-11 13:13:51,673 INFO  org.springframework.context.annotation.ClassPathBeanDefinitionScanner - JSR-330 'javax.inject.Named' annotation found and supported for component scanning
2013-02-11 13:13:52,333 INFO  org.springframework.beans.factory.annotation.AutowiredAnnotationBeanPostProcessor - JSR-330 'javax.inject.Inject' annotation found and supported for autowiring
2013-02-11 13:13:52,383 INFO  org.springframework.beans.factory.support.DefaultListableBeanFactory - Pre-instantiating singletons in org.springframework.beans.factory.support.DefaultListableBeanFactory@7bb07f97: defining beans [org.springframework.context.config.internalBeanConfigurerAspect,usersDAODatabaseImpl,usersService,org.springframework.context.annotation.internalConfigurationAnnotationProcessor,org.springframework.context.annotation.internalAutowiredAnnotationProcessor,org.springframework.context.annotation.internalRequiredAnnotationProcessor,org.springframework.context.annotation.internalCommonAnnotationProcessor,org.springframework.context.annotation.internalPersistenceAnnotationProcessor,org.springframework.transaction.config.internalTransactionAspect,transactionManager,dataSource,entityManagerFactory,org.springframework.context.annotation.ConfigurationClassPostProcessor$ImportAwareBeanPostProcessor#0]; root of factory hierarchy
2013-02-11 13:13:52,887 INFO  com.mchange.v2.log.MLog - MLog clients using log4j logging.
2013-02-11 13:13:53,277 INFO  com.mchange.v2.c3p0.C3P0Registry - Initializing c3p0-0.9.1.2 [built 21-May-2007 15:04:56; debug? true; trace: 10]
2013-02-11 13:13:53,965 INFO  org.springframework.orm.jpa.LocalContainerEntityManagerFactoryBean - Building JPA container EntityManagerFactory for persistence unit 'persistenceUnit'
2013-02-11 13:13:54,714 INFO  org.hibernate.annotations.common.Version - HCANN000001: Hibernate Commons Annotations {4.0.1.Final}
2013-02-11 13:13:54,736 INFO  org.hibernate.Version - HHH000412: Hibernate Core {4.1.5.SP1}
2013-02-11 13:13:54,742 INFO  org.hibernate.cfg.Environment - HHH000206: hibernate.properties not found
2013-02-11 13:13:54,748 INFO  org.hibernate.cfg.Environment - HHH000021: Bytecode provider name : javassist
2013-02-11 13:13:54,830 INFO  org.hibernate.ejb.Ejb3Configuration - HHH000204: Processing PersistenceUnitInfo [
	name: persistenceUnit
	...]
2013-02-11 13:13:55,528 INFO  org.hibernate.service.jdbc.connections.internal.ConnectionProviderInitiator - HHH000130: Instantiating explicit connection provider: org.hibernate.ejb.connection.InjectedDataSourceConnectionProvider
2013-02-11 13:13:55,753 INFO  com.mchange.v2.c3p0.impl.AbstractPoolBackedDataSource - Initializing c3p0 pool... com.mchange.v2.c3p0.ComboPooledDataSource [ acquireIncrement -> 5, acquireRetryAttempts -> 30, acquireRetryDelay -> 1000, autoCommitOnClose -> false, automaticTestTable -> null, breakAfterAcquireFailure -> false, checkoutTimeout -> 25200, connectionCustomizerClassName -> null, connectionTesterClassName -> com.mchange.v2.c3p0.impl.DefaultConnectionTester, dataSourceName -> apa, debugUnreturnedConnectionStackTraces -> false, description -> null, driverClass -> org.hsqldb.jdbcDriver, factoryClassLocation -> null, forceIgnoreUnresolvedTransactions -> false, identityToken -> 2t7q658s1jrce351te3elj|3c8af4d2, idleConnectionTestPeriod -> 14400, initialPoolSize -> 10, jdbcUrl -> jdbc:hsqldb:file:mem, maxAdministrativeTaskTime -> 0, maxConnectionAge -> 0, maxIdleTime -> 0, maxIdleTimeExcessConnections -> 0, maxPoolSize -> 100, maxStatements -> 0, maxStatementsPerConnection -> 0, minPoolSize -> 10, numHelperThreads -> 3, numThreadsAwaitingCheckoutDefaultUser -> 0, preferredTestQuery -> null, properties -> {user=******, c3p0.max_statements=0, password=******, c3p0.preferredTestQuery=select 1;, c3p0.max_size=100, c3p0.min_size=10}, propertyCycle -> 0, testConnectionOnCheckin -> false, testConnectionOnCheckout -> false, unreturnedConnectionTimeout -> 0, usesTraditionalReflectiveProxies -> false ]
2013-02-11 13:13:56,794 INFO  hsqldb.db.HSQLDB3CC8F617F2.ENGINE - Checkpoint start
2013-02-11 13:13:56,795 INFO  hsqldb.db.HSQLDB3CC8F617F2.ENGINE - checkpointClose start
2013-02-11 13:13:56,818 INFO  hsqldb.db.HSQLDB3CC8F617F2.ENGINE - checkpointClose end
2013-02-11 13:13:56,826 INFO  hsqldb.db.HSQLDB3CC8F617F2.ENGINE - Checkpoint end
2013-02-11 13:13:56,975 INFO  org.hibernate.dialect.Dialect - HHH000400: Using dialect: org.hibernate.dialect.HSQLDialect
2013-02-11 13:13:57,007 INFO  org.hibernate.engine.jdbc.internal.LobCreatorBuilder - HHH000424: Disabling contextual LOB creation as createClob() method threw error : java.lang.reflect.InvocationTargetException
2013-02-11 13:13:57,042 INFO  org.hibernate.engine.transaction.internal.TransactionFactoryInitiator - HHH000268: Transaction strategy: org.hibernate.engine.transaction.internal.jdbc.JdbcTransactionFactory
2013-02-11 13:13:57,057 INFO  org.hibernate.hql.internal.ast.ASTQueryTranslatorFactory - HHH000397: Using ASTQueryTranslatorFactory
2013-02-11 13:13:57,689 INFO  org.hibernate.tool.hbm2ddl.SchemaExport - HHH000227: Running hbm2ddl schema export
2013-02-11 13:13:57,707 INFO  org.hibernate.tool.hbm2ddl.SchemaExport - HHH000230: Schema export complete
2013-02-11 13:13:58,043 INFO  org.springframework.web.context.ContextLoader - Root WebApplicationContext: initialization completed in 7442 ms
2013-02-11 14:04:58,957 INFO  org.springframework.web.context.ContextLoader - Root WebApplicationContext: initialization started
2013-02-11 14:04:59,210 INFO  org.springframework.web.context.support.XmlWebApplicationContext - Refreshing Root WebApplicationContext: startup date [Mon Feb 11 14:04:59 EET 2013]; root of context hierarchy
2013-02-11 14:04:59,374 INFO  org.springframework.beans.factory.xml.XmlBeanDefinitionReader - Loading XML bean definitions from class path resource [applicationContext.xml]
2013-02-11 14:04:59,974 INFO  org.springframework.context.annotation.ClassPathBeanDefinitionScanner - JSR-330 'javax.inject.Named' annotation found and supported for component scanning
2013-02-11 14:05:00,635 INFO  org.springframework.beans.factory.annotation.AutowiredAnnotationBeanPostProcessor - JSR-330 'javax.inject.Inject' annotation found and supported for autowiring
2013-02-11 14:05:00,676 INFO  org.springframework.beans.factory.support.DefaultListableBeanFactory - Pre-instantiating singletons in org.springframework.beans.factory.support.DefaultListableBeanFactory@4f9607cd: defining beans [org.springframework.context.config.internalBeanConfigurerAspect,usersDAODatabaseImpl,usersService,org.springframework.context.annotation.internalConfigurationAnnotationProcessor,org.springframework.context.annotation.internalAutowiredAnnotationProcessor,org.springframework.context.annotation.internalRequiredAnnotationProcessor,org.springframework.context.annotation.internalCommonAnnotationProcessor,org.springframework.context.annotation.internalPersistenceAnnotationProcessor,org.springframework.transaction.config.internalTransactionAspect,transactionManager,dataSource,entityManagerFactory,org.springframework.context.annotation.ConfigurationClassPostProcessor$ImportAwareBeanPostProcessor#0]; root of factory hierarchy
2013-02-11 14:05:01,146 INFO  com.mchange.v2.log.MLog - MLog clients using log4j logging.
2013-02-11 14:05:01,524 INFO  com.mchange.v2.c3p0.C3P0Registry - Initializing c3p0-0.9.1.2 [built 21-May-2007 15:04:56; debug? true; trace: 10]
2013-02-11 14:05:02,180 INFO  org.springframework.orm.jpa.LocalContainerEntityManagerFactoryBean - Building JPA container EntityManagerFactory for persistence unit 'persistenceUnit'
2013-02-11 14:05:02,708 INFO  org.hibernate.annotations.common.Version - HCANN000001: Hibernate Commons Annotations {4.0.1.Final}
2013-02-11 14:05:02,728 INFO  org.hibernate.Version - HHH000412: Hibernate Core {4.1.5.SP1}
2013-02-11 14:05:02,734 INFO  org.hibernate.cfg.Environment - HHH000206: hibernate.properties not found
2013-02-11 14:05:02,739 INFO  org.hibernate.cfg.Environment - HHH000021: Bytecode provider name : javassist
2013-02-11 14:05:02,807 INFO  org.hibernate.ejb.Ejb3Configuration - HHH000204: Processing PersistenceUnitInfo [
	name: persistenceUnit
	...]
2013-02-11 14:05:03,492 INFO  org.hibernate.service.jdbc.connections.internal.ConnectionProviderInitiator - HHH000130: Instantiating explicit connection provider: org.hibernate.ejb.connection.InjectedDataSourceConnectionProvider
2013-02-11 14:05:03,714 INFO  com.mchange.v2.c3p0.impl.AbstractPoolBackedDataSource - Initializing c3p0 pool... com.mchange.v2.c3p0.ComboPooledDataSource [ acquireIncrement -> 5, acquireRetryAttempts -> 30, acquireRetryDelay -> 1000, autoCommitOnClose -> false, automaticTestTable -> null, breakAfterAcquireFailure -> false, checkoutTimeout -> 25200, connectionCustomizerClassName -> null, connectionTesterClassName -> com.mchange.v2.c3p0.impl.DefaultConnectionTester, dataSourceName -> apa, debugUnreturnedConnectionStackTraces -> false, description -> null, driverClass -> org.hsqldb.jdbcDriver, factoryClassLocation -> null, forceIgnoreUnresolvedTransactions -> false, identityToken -> 2t7q658s1jt65kn1ex17mf|51b83e5c, idleConnectionTestPeriod -> 14400, initialPoolSize -> 10, jdbcUrl -> jdbc:hsqldb:file:mem, maxAdministrativeTaskTime -> 0, maxConnectionAge -> 0, maxIdleTime -> 0, maxIdleTimeExcessConnections -> 0, maxPoolSize -> 100, maxStatements -> 0, maxStatementsPerConnection -> 0, minPoolSize -> 10, numHelperThreads -> 3, numThreadsAwaitingCheckoutDefaultUser -> 0, preferredTestQuery -> null, properties -> {user=******, c3p0.max_statements=0, password=******, c3p0.preferredTestQuery=select 1;, c3p0.max_size=100, c3p0.min_size=10}, propertyCycle -> 0, testConnectionOnCheckin -> false, testConnectionOnCheckout -> false, unreturnedConnectionTimeout -> 0, usesTraditionalReflectiveProxies -> false ]
2013-02-11 14:05:04,755 INFO  hsqldb.db.HSQLDB3CC8F617F2.ENGINE - checkpointClose start
2013-02-11 14:05:04,790 INFO  hsqldb.db.HSQLDB3CC8F617F2.ENGINE - checkpointClose end
2013-02-11 14:05:04,941 INFO  org.hibernate.dialect.Dialect - HHH000400: Using dialect: org.hibernate.dialect.HSQLDialect
2013-02-11 14:05:04,970 INFO  org.hibernate.engine.jdbc.internal.LobCreatorBuilder - HHH000424: Disabling contextual LOB creation as createClob() method threw error : java.lang.reflect.InvocationTargetException
2013-02-11 14:05:05,003 INFO  org.hibernate.engine.transaction.internal.TransactionFactoryInitiator - HHH000268: Transaction strategy: org.hibernate.engine.transaction.internal.jdbc.JdbcTransactionFactory
2013-02-11 14:05:05,019 INFO  org.hibernate.hql.internal.ast.ASTQueryTranslatorFactory - HHH000397: Using ASTQueryTranslatorFactory
2013-02-11 14:05:05,627 INFO  org.hibernate.tool.hbm2ddl.SchemaExport - HHH000227: Running hbm2ddl schema export
2013-02-11 14:05:05,644 INFO  org.hibernate.tool.hbm2ddl.SchemaExport - HHH000230: Schema export complete
2013-02-11 14:05:05,925 INFO  org.springframework.web.context.ContextLoader - Root WebApplicationContext: initialization completed in 6966 ms
2013-02-11 14:10:03,652 INFO  org.springframework.web.context.ContextLoader - Root WebApplicationContext: initialization started
2013-02-11 14:10:03,897 INFO  org.springframework.web.context.support.XmlWebApplicationContext - Refreshing Root WebApplicationContext: startup date [Mon Feb 11 14:10:03 EET 2013]; root of context hierarchy
2013-02-11 14:10:04,072 INFO  org.springframework.beans.factory.xml.XmlBeanDefinitionReader - Loading XML bean definitions from class path resource [applicationContext.xml]
2013-02-11 14:10:04,612 INFO  org.springframework.context.annotation.ClassPathBeanDefinitionScanner - JSR-330 'javax.inject.Named' annotation found and supported for component scanning
2013-02-11 14:10:05,245 INFO  org.springframework.beans.factory.annotation.AutowiredAnnotationBeanPostProcessor - JSR-330 'javax.inject.Inject' annotation found and supported for autowiring
2013-02-11 14:10:05,283 INFO  org.springframework.beans.factory.support.DefaultListableBeanFactory - Pre-instantiating singletons in org.springframework.beans.factory.support.DefaultListableBeanFactory@356defec: defining beans [org.springframework.context.config.internalBeanConfigurerAspect,usersDAODatabaseImpl,usersService,org.springframework.context.annotation.internalConfigurationAnnotationProcessor,org.springframework.context.annotation.internalAutowiredAnnotationProcessor,org.springframework.context.annotation.internalRequiredAnnotationProcessor,org.springframework.context.annotation.internalCommonAnnotationProcessor,org.springframework.context.annotation.internalPersistenceAnnotationProcessor,org.springframework.transaction.config.internalTransactionAspect,transactionManager,dataSource,entityManagerFactory,org.springframework.context.annotation.ConfigurationClassPostProcessor$ImportAwareBeanPostProcessor#0]; root of factory hierarchy
2013-02-11 14:10:05,776 INFO  com.mchange.v2.log.MLog - MLog clients using log4j logging.
2013-02-11 14:10:06,133 INFO  com.mchange.v2.c3p0.C3P0Registry - Initializing c3p0-0.9.1.2 [built 21-May-2007 15:04:56; debug? true; trace: 10]
2013-02-11 14:10:06,815 INFO  org.springframework.orm.jpa.LocalContainerEntityManagerFactoryBean - Building JPA container EntityManagerFactory for persistence unit 'persistenceUnit'
2013-02-11 14:10:07,278 INFO  org.hibernate.annotations.common.Version - HCANN000001: Hibernate Commons Annotations {4.0.1.Final}
2013-02-11 14:10:07,297 INFO  org.hibernate.Version - HHH000412: Hibernate Core {4.1.5.SP1}
2013-02-11 14:10:07,303 INFO  org.hibernate.cfg.Environment - HHH000206: hibernate.properties not found
2013-02-11 14:10:07,308 INFO  org.hibernate.cfg.Environment - HHH000021: Bytecode provider name : javassist
2013-02-11 14:10:07,379 INFO  org.hibernate.ejb.Ejb3Configuration - HHH000204: Processing PersistenceUnitInfo [
	name: persistenceUnit
	...]
2013-02-11 14:10:08,129 INFO  org.hibernate.service.jdbc.connections.internal.ConnectionProviderInitiator - HHH000130: Instantiating explicit connection provider: org.hibernate.ejb.connection.InjectedDataSourceConnectionProvider
2013-02-11 14:10:08,356 INFO  com.mchange.v2.c3p0.impl.AbstractPoolBackedDataSource - Initializing c3p0 pool... com.mchange.v2.c3p0.ComboPooledDataSource [ acquireIncrement -> 5, acquireRetryAttempts -> 30, acquireRetryDelay -> 1000, autoCommitOnClose -> false, automaticTestTable -> null, breakAfterAcquireFailure -> false, checkoutTimeout -> 25200, connectionCustomizerClassName -> null, connectionTesterClassName -> com.mchange.v2.c3p0.impl.DefaultConnectionTester, dataSourceName -> apa, debugUnreturnedConnectionStackTraces -> false, description -> null, driverClass -> org.hsqldb.jdbcDriver, factoryClassLocation -> null, forceIgnoreUnresolvedTransactions -> false, identityToken -> 2t7q658s1jtcon01mnkn80|29e534ad, idleConnectionTestPeriod -> 14400, initialPoolSize -> 10, jdbcUrl -> jdbc:hsqldb:file:mem, maxAdministrativeTaskTime -> 0, maxConnectionAge -> 0, maxIdleTime -> 0, maxIdleTimeExcessConnections -> 0, maxPoolSize -> 100, maxStatements -> 0, maxStatementsPerConnection -> 0, minPoolSize -> 10, numHelperThreads -> 3, numThreadsAwaitingCheckoutDefaultUser -> 0, preferredTestQuery -> null, properties -> {user=******, c3p0.max_statements=0, password=******, c3p0.preferredTestQuery=select 1;, c3p0.max_size=100, c3p0.min_size=10}, propertyCycle -> 0, testConnectionOnCheckin -> false, testConnectionOnCheckout -> false, unreturnedConnectionTimeout -> 0, usesTraditionalReflectiveProxies -> false ]
2013-02-11 14:10:09,388 INFO  hsqldb.db.HSQLDB3CC8F617F2.ENGINE - checkpointClose start
2013-02-11 14:10:09,442 INFO  hsqldb.db.HSQLDB3CC8F617F2.ENGINE - checkpointClose end
2013-02-11 14:10:09,737 INFO  org.hibernate.dialect.Dialect - HHH000400: Using dialect: org.hibernate.dialect.HSQLDialect
2013-02-11 14:10:09,801 INFO  org.hibernate.engine.jdbc.internal.LobCreatorBuilder - HHH000424: Disabling contextual LOB creation as createClob() method threw error : java.lang.reflect.InvocationTargetException
2013-02-11 14:10:09,845 INFO  org.hibernate.engine.transaction.internal.TransactionFactoryInitiator - HHH000268: Transaction strategy: org.hibernate.engine.transaction.internal.jdbc.JdbcTransactionFactory
2013-02-11 14:10:09,865 INFO  org.hibernate.hql.internal.ast.ASTQueryTranslatorFactory - HHH000397: Using ASTQueryTranslatorFactory
2013-02-11 14:10:10,610 INFO  org.hibernate.tool.hbm2ddl.SchemaExport - HHH000227: Running hbm2ddl schema export
2013-02-11 14:10:10,667 INFO  org.hibernate.tool.hbm2ddl.SchemaExport - HHH000230: Schema export complete
2013-02-11 14:10:10,999 INFO  org.springframework.web.context.ContextLoader - Root WebApplicationContext: initialization completed in 7345 ms
2013-02-11 14:40:45,565 INFO  org.springframework.web.context.ContextLoader - Root WebApplicationContext: initialization started
2013-02-11 14:40:45,902 INFO  org.springframework.web.context.support.XmlWebApplicationContext - Refreshing Root WebApplicationContext: startup date [Mon Feb 11 14:40:45 EET 2013]; root of context hierarchy
2013-02-11 14:40:46,118 INFO  org.springframework.beans.factory.xml.XmlBeanDefinitionReader - Loading XML bean definitions from class path resource [applicationContext.xml]
2013-02-11 14:40:46,890 INFO  org.springframework.context.annotation.ClassPathBeanDefinitionScanner - JSR-330 'javax.inject.Named' annotation found and supported for component scanning
2013-02-11 14:40:47,744 INFO  org.springframework.beans.factory.annotation.AutowiredAnnotationBeanPostProcessor - JSR-330 'javax.inject.Inject' annotation found and supported for autowiring
2013-02-11 14:40:47,785 INFO  org.springframework.beans.factory.support.DefaultListableBeanFactory - Pre-instantiating singletons in org.springframework.beans.factory.support.DefaultListableBeanFactory@421dc8c8: defining beans [org.springframework.context.config.internalBeanConfigurerAspect,usersDAODatabaseImpl,usersService,org.springframework.context.annotation.internalConfigurationAnnotationProcessor,org.springframework.context.annotation.internalAutowiredAnnotationProcessor,org.springframework.context.annotation.internalRequiredAnnotationProcessor,org.springframework.context.annotation.internalCommonAnnotationProcessor,org.springframework.context.annotation.internalPersistenceAnnotationProcessor,org.springframework.transaction.config.internalTransactionAspect,transactionManager,dataSource,entityManagerFactory,org.springframework.context.annotation.ConfigurationClassPostProcessor$ImportAwareBeanPostProcessor#0]; root of factory hierarchy
2013-02-11 14:40:48,405 INFO  com.mchange.v2.log.MLog - MLog clients using log4j logging.
2013-02-11 14:40:48,911 INFO  com.mchange.v2.c3p0.C3P0Registry - Initializing c3p0-0.9.1.2 [built 21-May-2007 15:04:56; debug? true; trace: 10]
2013-02-11 14:40:49,988 INFO  org.springframework.orm.jpa.LocalContainerEntityManagerFactoryBean - Building JPA container EntityManagerFactory for persistence unit 'persistenceUnit'
2013-02-11 14:40:50,620 INFO  org.hibernate.annotations.common.Version - HCANN000001: Hibernate Commons Annotations {4.0.1.Final}
2013-02-11 14:40:50,646 INFO  org.hibernate.Version - HHH000412: Hibernate Core {4.1.5.SP1}
2013-02-11 14:40:50,653 INFO  org.hibernate.cfg.Environment - HHH000206: hibernate.properties not found
2013-02-11 14:40:50,659 INFO  org.hibernate.cfg.Environment - HHH000021: Bytecode provider name : javassist
2013-02-11 14:40:50,746 INFO  org.hibernate.ejb.Ejb3Configuration - HHH000204: Processing PersistenceUnitInfo [
	name: persistenceUnit
	...]
2013-02-11 14:40:51,632 INFO  org.hibernate.service.jdbc.connections.internal.ConnectionProviderInitiator - HHH000130: Instantiating explicit connection provider: org.hibernate.ejb.connection.InjectedDataSourceConnectionProvider
2013-02-11 14:40:51,887 INFO  com.mchange.v2.c3p0.impl.AbstractPoolBackedDataSource - Initializing c3p0 pool... com.mchange.v2.c3p0.ComboPooledDataSource [ acquireIncrement -> 5, acquireRetryAttempts -> 30, acquireRetryDelay -> 1000, autoCommitOnClose -> false, automaticTestTable -> null, breakAfterAcquireFailure -> false, checkoutTimeout -> 25200, connectionCustomizerClassName -> null, connectionTesterClassName -> com.mchange.v2.c3p0.impl.DefaultConnectionTester, dataSourceName -> apa, debugUnreturnedConnectionStackTraces -> false, description -> null, driverClass -> org.hsqldb.jdbcDriver, factoryClassLocation -> null, forceIgnoreUnresolvedTransactions -> false, identityToken -> 2t7q658s1jug6gniui92u|4fc201f6, idleConnectionTestPeriod -> 14400, initialPoolSize -> 10, jdbcUrl -> jdbc:hsqldb:file:mem, maxAdministrativeTaskTime -> 0, maxConnectionAge -> 0, maxIdleTime -> 0, maxIdleTimeExcessConnections -> 0, maxPoolSize -> 100, maxStatements -> 0, maxStatementsPerConnection -> 0, minPoolSize -> 10, numHelperThreads -> 3, numThreadsAwaitingCheckoutDefaultUser -> 0, preferredTestQuery -> null, properties -> {user=******, c3p0.max_statements=0, password=******, c3p0.preferredTestQuery=select 1;, c3p0.max_size=100, c3p0.min_size=10}, propertyCycle -> 0, testConnectionOnCheckin -> false, testConnectionOnCheckout -> false, unreturnedConnectionTimeout -> 0, usesTraditionalReflectiveProxies -> false ]
2013-02-11 14:40:53,178 INFO  hsqldb.db.HSQLDB3CC8F617F2.ENGINE - checkpointClose start
2013-02-11 14:40:53,221 INFO  hsqldb.db.HSQLDB3CC8F617F2.ENGINE - checkpointClose end
2013-02-11 14:40:53,384 INFO  org.hibernate.dialect.Dialect - HHH000400: Using dialect: org.hibernate.dialect.HSQLDialect
2013-02-11 14:40:53,436 INFO  org.hibernate.engine.jdbc.internal.LobCreatorBuilder - HHH000424: Disabling contextual LOB creation as createClob() method threw error : java.lang.reflect.InvocationTargetException
2013-02-11 14:40:53,484 INFO  org.hibernate.engine.transaction.internal.TransactionFactoryInitiator - HHH000268: Transaction strategy: org.hibernate.engine.transaction.internal.jdbc.JdbcTransactionFactory
2013-02-11 14:40:53,505 INFO  org.hibernate.hql.internal.ast.ASTQueryTranslatorFactory - HHH000397: Using ASTQueryTranslatorFactory
2013-02-11 14:40:54,200 INFO  org.hibernate.tool.hbm2ddl.SchemaExport - HHH000227: Running hbm2ddl schema export
2013-02-11 14:40:54,224 INFO  org.hibernate.tool.hbm2ddl.SchemaExport - HHH000230: Schema export complete
2013-02-11 14:40:54,598 INFO  org.springframework.web.context.ContextLoader - Root WebApplicationContext: initialization completed in 9030 ms
2013-02-11 14:40:57,371 INFO  org.springframework.web.context.ContextLoader - Root WebApplicationContext: initialization started
2013-02-11 14:40:57,376 INFO  org.springframework.web.context.support.XmlWebApplicationContext - Refreshing Root WebApplicationContext: startup date [Mon Feb 11 14:40:57 EET 2013]; root of context hierarchy
2013-02-11 14:40:57,382 INFO  org.springframework.beans.factory.xml.XmlBeanDefinitionReader - Loading XML bean definitions from class path resource [applicationContext.xml]
2013-02-11 14:40:57,531 INFO  org.springframework.context.annotation.ClassPathBeanDefinitionScanner - JSR-330 'javax.inject.Named' annotation found and supported for component scanning
2013-02-11 14:40:57,655 INFO  org.springframework.beans.factory.annotation.AutowiredAnnotationBeanPostProcessor - JSR-330 'javax.inject.Inject' annotation found and supported for autowiring
2013-02-11 14:40:57,661 INFO  org.springframework.beans.factory.support.DefaultListableBeanFactory - Pre-instantiating singletons in org.springframework.beans.factory.support.DefaultListableBeanFactory@10849b63: defining beans [org.springframework.context.config.internalBeanConfigurerAspect,usersDAODatabaseImpl,usersService,org.springframework.context.annotation.internalConfigurationAnnotationProcessor,org.springframework.context.annotation.internalAutowiredAnnotationProcessor,org.springframework.context.annotation.internalRequiredAnnotationProcessor,org.springframework.context.annotation.internalCommonAnnotationProcessor,org.springframework.context.annotation.internalPersistenceAnnotationProcessor,org.springframework.transaction.config.internalTransactionAspect,transactionManager,dataSource,entityManagerFactory,org.springframework.context.annotation.ConfigurationClassPostProcessor$ImportAwareBeanPostProcessor#0]; root of factory hierarchy
2013-02-11 14:40:57,768 INFO  org.springframework.orm.jpa.LocalContainerEntityManagerFactoryBean - Building JPA container EntityManagerFactory for persistence unit 'persistenceUnit'
2013-02-11 14:40:57,770 INFO  org.hibernate.ejb.Ejb3Configuration - HHH000204: Processing PersistenceUnitInfo [
	name: persistenceUnit
	...]
2013-02-11 14:40:57,794 INFO  org.hibernate.service.jdbc.connections.internal.ConnectionProviderInitiator - HHH000130: Instantiating explicit connection provider: org.hibernate.ejb.connection.InjectedDataSourceConnectionProvider
2013-02-11 14:40:57,838 INFO  com.mchange.v2.c3p0.impl.AbstractPoolBackedDataSource - Initializing c3p0 pool... com.mchange.v2.c3p0.ComboPooledDataSource [ acquireIncrement -> 5, acquireRetryAttempts -> 30, acquireRetryDelay -> 1000, autoCommitOnClose -> false, automaticTestTable -> null, breakAfterAcquireFailure -> false, checkoutTimeout -> 25200, connectionCustomizerClassName -> null, connectionTesterClassName -> com.mchange.v2.c3p0.impl.DefaultConnectionTester, dataSourceName -> apa, debugUnreturnedConnectionStackTraces -> false, description -> null, driverClass -> org.hsqldb.jdbcDriver, factoryClassLocation -> null, forceIgnoreUnresolvedTransactions -> false, identityToken -> 2t7q658s1jug6gniui92u|6c2bc653, idleConnectionTestPeriod -> 14400, initialPoolSize -> 10, jdbcUrl -> jdbc:hsqldb:file:mem, maxAdministrativeTaskTime -> 0, maxConnectionAge -> 0, maxIdleTime -> 0, maxIdleTimeExcessConnections -> 0, maxPoolSize -> 100, maxStatements -> 0, maxStatementsPerConnection -> 0, minPoolSize -> 10, numHelperThreads -> 3, numThreadsAwaitingCheckoutDefaultUser -> 0, preferredTestQuery -> null, properties -> {user=******, c3p0.max_statements=0, password=******, c3p0.preferredTestQuery=select 1;, c3p0.max_size=100, c3p0.min_size=10}, propertyCycle -> 0, testConnectionOnCheckin -> false, testConnectionOnCheckout -> false, unreturnedConnectionTimeout -> 0, usesTraditionalReflectiveProxies -> false ]
2013-02-11 14:40:57,849 INFO  org.hibernate.dialect.Dialect - HHH000400: Using dialect: org.hibernate.dialect.HSQLDialect
2013-02-11 14:40:57,852 INFO  org.hibernate.engine.jdbc.internal.LobCreatorBuilder - HHH000424: Disabling contextual LOB creation as createClob() method threw error : java.lang.reflect.InvocationTargetException
2013-02-11 14:40:57,853 INFO  org.hibernate.engine.transaction.internal.TransactionFactoryInitiator - HHH000268: Transaction strategy: org.hibernate.engine.transaction.internal.jdbc.JdbcTransactionFactory
2013-02-11 14:40:57,854 INFO  org.hibernate.hql.internal.ast.ASTQueryTranslatorFactory - HHH000397: Using ASTQueryTranslatorFactory
2013-02-11 14:40:57,867 INFO  org.hibernate.tool.hbm2ddl.SchemaExport - HHH000227: Running hbm2ddl schema export
2013-02-11 14:40:57,871 INFO  org.hibernate.tool.hbm2ddl.SchemaExport - HHH000230: Schema export complete
2013-02-11 14:40:57,913 INFO  org.springframework.web.context.ContextLoader - Root WebApplicationContext: initialization completed in 541 ms
2013-02-11 14:40:59,731 INFO  org.springframework.web.context.ContextLoader - Root WebApplicationContext: initialization started
2013-02-11 14:40:59,737 INFO  org.springframework.web.context.support.XmlWebApplicationContext - Refreshing Root WebApplicationContext: startup date [Mon Feb 11 14:40:59 EET 2013]; root of context hierarchy
2013-02-11 14:40:59,740 INFO  org.springframework.beans.factory.xml.XmlBeanDefinitionReader - Loading XML bean definitions from class path resource [applicationContext.xml]
2013-02-11 14:40:59,882 INFO  org.springframework.context.annotation.ClassPathBeanDefinitionScanner - JSR-330 'javax.inject.Named' annotation found and supported for component scanning
2013-02-11 14:40:59,998 INFO  org.springframework.beans.factory.annotation.AutowiredAnnotationBeanPostProcessor - JSR-330 'javax.inject.Inject' annotation found and supported for autowiring
2013-02-11 14:41:00,003 INFO  org.springframework.beans.factory.support.DefaultListableBeanFactory - Pre-instantiating singletons in org.springframework.beans.factory.support.DefaultListableBeanFactory@2e366ab3: defining beans [org.springframework.context.config.internalBeanConfigurerAspect,usersDAODatabaseImpl,usersService,org.springframework.context.annotation.internalConfigurationAnnotationProcessor,org.springframework.context.annotation.internalAutowiredAnnotationProcessor,org.springframework.context.annotation.internalRequiredAnnotationProcessor,org.springframework.context.annotation.internalCommonAnnotationProcessor,org.springframework.context.annotation.internalPersistenceAnnotationProcessor,org.springframework.transaction.config.internalTransactionAspect,transactionManager,dataSource,entityManagerFactory,org.springframework.context.annotation.ConfigurationClassPostProcessor$ImportAwareBeanPostProcessor#0]; root of factory hierarchy
2013-02-11 14:41:00,100 INFO  org.springframework.orm.jpa.LocalContainerEntityManagerFactoryBean - Building JPA container EntityManagerFactory for persistence unit 'persistenceUnit'
2013-02-11 14:41:00,103 INFO  org.hibernate.ejb.Ejb3Configuration - HHH000204: Processing PersistenceUnitInfo [
	name: persistenceUnit
	...]
2013-02-11 14:41:00,129 INFO  org.hibernate.service.jdbc.connections.internal.ConnectionProviderInitiator - HHH000130: Instantiating explicit connection provider: org.hibernate.ejb.connection.InjectedDataSourceConnectionProvider
2013-02-11 14:41:00,159 INFO  com.mchange.v2.c3p0.impl.AbstractPoolBackedDataSource - Initializing c3p0 pool... com.mchange.v2.c3p0.ComboPooledDataSource [ acquireIncrement -> 5, acquireRetryAttempts -> 30, acquireRetryDelay -> 1000, autoCommitOnClose -> false, automaticTestTable -> null, breakAfterAcquireFailure -> false, checkoutTimeout -> 25200, connectionCustomizerClassName -> null, connectionTesterClassName -> com.mchange.v2.c3p0.impl.DefaultConnectionTester, dataSourceName -> apa, debugUnreturnedConnectionStackTraces -> false, description -> null, driverClass -> org.hsqldb.jdbcDriver, factoryClassLocation -> null, forceIgnoreUnresolvedTransactions -> false, identityToken -> 2t7q658s1jug6gniui92u|78a8d33e, idleConnectionTestPeriod -> 14400, initialPoolSize -> 10, jdbcUrl -> jdbc:hsqldb:file:mem, maxAdministrativeTaskTime -> 0, maxConnectionAge -> 0, maxIdleTime -> 0, maxIdleTimeExcessConnections -> 0, maxPoolSize -> 100, maxStatements -> 0, maxStatementsPerConnection -> 0, minPoolSize -> 10, numHelperThreads -> 3, numThreadsAwaitingCheckoutDefaultUser -> 0, preferredTestQuery -> null, properties -> {user=******, c3p0.max_statements=0, password=******, c3p0.preferredTestQuery=select 1;, c3p0.max_size=100, c3p0.min_size=10}, propertyCycle -> 0, testConnectionOnCheckin -> false, testConnectionOnCheckout -> false, unreturnedConnectionTimeout -> 0, usesTraditionalReflectiveProxies -> false ]
2013-02-11 14:41:00,170 INFO  org.hibernate.dialect.Dialect - HHH000400: Using dialect: org.hibernate.dialect.HSQLDialect
2013-02-11 14:41:00,171 INFO  org.hibernate.engine.jdbc.internal.LobCreatorBuilder - HHH000424: Disabling contextual LOB creation as createClob() method threw error : java.lang.reflect.InvocationTargetException
2013-02-11 14:41:00,172 INFO  org.hibernate.engine.transaction.internal.TransactionFactoryInitiator - HHH000268: Transaction strategy: org.hibernate.engine.transaction.internal.jdbc.JdbcTransactionFactory
2013-02-11 14:41:00,172 INFO  org.hibernate.hql.internal.ast.ASTQueryTranslatorFactory - HHH000397: Using ASTQueryTranslatorFactory
2013-02-11 14:41:00,185 INFO  org.hibernate.tool.hbm2ddl.SchemaExport - HHH000227: Running hbm2ddl schema export
2013-02-11 14:41:00,189 INFO  org.hibernate.tool.hbm2ddl.SchemaExport - HHH000230: Schema export complete
2013-02-11 14:41:00,227 INFO  org.springframework.web.context.ContextLoader - Root WebApplicationContext: initialization completed in 495 ms
2013-02-11 14:46:00,657 INFO  org.springframework.web.context.ContextLoader - Root WebApplicationContext: initialization started
2013-02-11 14:46:00,918 INFO  org.springframework.web.context.support.XmlWebApplicationContext - Refreshing Root WebApplicationContext: startup date [Mon Feb 11 14:46:00 EET 2013]; root of context hierarchy
2013-02-11 14:46:01,079 INFO  org.springframework.beans.factory.xml.XmlBeanDefinitionReader - Loading XML bean definitions from class path resource [applicationContext.xml]
2013-02-11 14:46:01,591 INFO  org.springframework.context.annotation.ClassPathBeanDefinitionScanner - JSR-330 'javax.inject.Named' annotation found and supported for component scanning
2013-02-11 14:46:02,326 INFO  org.springframework.beans.factory.annotation.AutowiredAnnotationBeanPostProcessor - JSR-330 'javax.inject.Inject' annotation found and supported for autowiring
2013-02-11 14:46:02,365 INFO  org.springframework.beans.factory.support.DefaultListableBeanFactory - Pre-instantiating singletons in org.springframework.beans.factory.support.DefaultListableBeanFactory@1a4c8517: defining beans [org.springframework.context.config.internalBeanConfigurerAspect,usersDAODatabaseImpl,usersService,org.springframework.context.annotation.internalConfigurationAnnotationProcessor,org.springframework.context.annotation.internalAutowiredAnnotationProcessor,org.springframework.context.annotation.internalRequiredAnnotationProcessor,org.springframework.context.annotation.internalCommonAnnotationProcessor,org.springframework.context.annotation.internalPersistenceAnnotationProcessor,org.springframework.transaction.config.internalTransactionAspect,transactionManager,dataSource,entityManagerFactory,org.springframework.context.annotation.ConfigurationClassPostProcessor$ImportAwareBeanPostProcessor#0]; root of factory hierarchy
2013-02-11 14:46:02,892 INFO  com.mchange.v2.log.MLog - MLog clients using log4j logging.
2013-02-11 14:46:03,269 INFO  com.mchange.v2.c3p0.C3P0Registry - Initializing c3p0-0.9.1.2 [built 21-May-2007 15:04:56; debug? true; trace: 10]
2013-02-11 14:46:04,068 INFO  org.springframework.orm.jpa.LocalContainerEntityManagerFactoryBean - Building JPA container EntityManagerFactory for persistence unit 'persistenceUnit'
2013-02-11 14:46:04,597 INFO  org.hibernate.annotations.common.Version - HCANN000001: Hibernate Commons Annotations {4.0.1.Final}
2013-02-11 14:46:04,615 INFO  org.hibernate.Version - HHH000412: Hibernate Core {4.1.5.SP1}
2013-02-11 14:46:04,621 INFO  org.hibernate.cfg.Environment - HHH000206: hibernate.properties not found
2013-02-11 14:46:04,625 INFO  org.hibernate.cfg.Environment - HHH000021: Bytecode provider name : javassist
2013-02-11 14:46:04,698 INFO  org.hibernate.ejb.Ejb3Configuration - HHH000204: Processing PersistenceUnitInfo [
	name: persistenceUnit
	...]
2013-02-11 14:46:05,425 INFO  org.hibernate.service.jdbc.connections.internal.ConnectionProviderInitiator - HHH000130: Instantiating explicit connection provider: org.hibernate.ejb.connection.InjectedDataSourceConnectionProvider
2013-02-11 14:46:05,650 INFO  com.mchange.v2.c3p0.impl.AbstractPoolBackedDataSource - Initializing c3p0 pool... com.mchange.v2.c3p0.ComboPooledDataSource [ acquireIncrement -> 5, acquireRetryAttempts -> 30, acquireRetryDelay -> 1000, autoCommitOnClose -> false, automaticTestTable -> null, breakAfterAcquireFailure -> false, checkoutTimeout -> 25200, connectionCustomizerClassName -> null, connectionTesterClassName -> com.mchange.v2.c3p0.impl.DefaultConnectionTester, dataSourceName -> apa, debugUnreturnedConnectionStackTraces -> false, description -> null, driverClass -> org.hsqldb.jdbcDriver, factoryClassLocation -> null, forceIgnoreUnresolvedTransactions -> false, identityToken -> 2t7q658s1jumx388bmh82|1287a9b2, idleConnectionTestPeriod -> 14400, initialPoolSize -> 10, jdbcUrl -> jdbc:hsqldb:file:mem, maxAdministrativeTaskTime -> 0, maxConnectionAge -> 0, maxIdleTime -> 0, maxIdleTimeExcessConnections -> 0, maxPoolSize -> 100, maxStatements -> 0, maxStatementsPerConnection -> 0, minPoolSize -> 10, numHelperThreads -> 3, numThreadsAwaitingCheckoutDefaultUser -> 0, preferredTestQuery -> null, properties -> {user=******, c3p0.max_statements=0, password=******, c3p0.preferredTestQuery=select 1;, c3p0.max_size=100, c3p0.min_size=10}, propertyCycle -> 0, testConnectionOnCheckin -> false, testConnectionOnCheckout -> false, unreturnedConnectionTimeout -> 0, usesTraditionalReflectiveProxies -> false ]
2013-02-11 14:46:06,688 INFO  hsqldb.db.HSQLDB3CC8F617F2.ENGINE - checkpointClose start
2013-02-11 14:46:06,720 INFO  hsqldb.db.HSQLDB3CC8F617F2.ENGINE - checkpointClose end
2013-02-11 14:46:06,873 INFO  org.hibernate.dialect.Dialect - HHH000400: Using dialect: org.hibernate.dialect.HSQLDialect
2013-02-11 14:46:06,904 INFO  org.hibernate.engine.jdbc.internal.LobCreatorBuilder - HHH000424: Disabling contextual LOB creation as createClob() method threw error : java.lang.reflect.InvocationTargetException
2013-02-11 14:46:06,938 INFO  org.hibernate.engine.transaction.internal.TransactionFactoryInitiator - HHH000268: Transaction strategy: org.hibernate.engine.transaction.internal.jdbc.JdbcTransactionFactory
2013-02-11 14:46:06,953 INFO  org.hibernate.hql.internal.ast.ASTQueryTranslatorFactory - HHH000397: Using ASTQueryTranslatorFactory
2013-02-11 14:46:07,595 INFO  org.hibernate.tool.hbm2ddl.SchemaExport - HHH000227: Running hbm2ddl schema export
2013-02-11 14:46:07,610 INFO  org.hibernate.tool.hbm2ddl.SchemaExport - HHH000230: Schema export complete
2013-02-11 14:46:07,905 INFO  org.springframework.web.context.ContextLoader - Root WebApplicationContext: initialization completed in 7246 ms
2013-02-11 14:46:10,549 INFO  org.springframework.web.context.ContextLoader - Root WebApplicationContext: initialization started
2013-02-11 14:46:10,554 INFO  org.springframework.web.context.support.XmlWebApplicationContext - Refreshing Root WebApplicationContext: startup date [Mon Feb 11 14:46:10 EET 2013]; root of context hierarchy
2013-02-11 14:46:10,558 INFO  org.springframework.beans.factory.xml.XmlBeanDefinitionReader - Loading XML bean definitions from class path resource [applicationContext.xml]
2013-02-11 14:46:10,704 INFO  org.springframework.context.annotation.ClassPathBeanDefinitionScanner - JSR-330 'javax.inject.Named' annotation found and supported for component scanning
2013-02-11 14:46:10,831 INFO  org.springframework.beans.factory.annotation.AutowiredAnnotationBeanPostProcessor - JSR-330 'javax.inject.Inject' annotation found and supported for autowiring
2013-02-11 14:46:10,839 INFO  org.springframework.beans.factory.support.DefaultListableBeanFactory - Pre-instantiating singletons in org.springframework.beans.factory.support.DefaultListableBeanFactory@52c6fc30: defining beans [org.springframework.context.config.internalBeanConfigurerAspect,usersDAODatabaseImpl,usersService,org.springframework.context.annotation.internalConfigurationAnnotationProcessor,org.springframework.context.annotation.internalAutowiredAnnotationProcessor,org.springframework.context.annotation.internalRequiredAnnotationProcessor,org.springframework.context.annotation.internalCommonAnnotationProcessor,org.springframework.context.annotation.internalPersistenceAnnotationProcessor,org.springframework.transaction.config.internalTransactionAspect,transactionManager,dataSource,entityManagerFactory,org.springframework.context.annotation.ConfigurationClassPostProcessor$ImportAwareBeanPostProcessor#0]; root of factory hierarchy
2013-02-11 14:46:10,944 INFO  org.springframework.orm.jpa.LocalContainerEntityManagerFactoryBean - Building JPA container EntityManagerFactory for persistence unit 'persistenceUnit'
2013-02-11 14:46:10,946 INFO  org.hibernate.ejb.Ejb3Configuration - HHH000204: Processing PersistenceUnitInfo [
	name: persistenceUnit
	...]
2013-02-11 14:46:10,971 INFO  org.hibernate.service.jdbc.connections.internal.ConnectionProviderInitiator - HHH000130: Instantiating explicit connection provider: org.hibernate.ejb.connection.InjectedDataSourceConnectionProvider
2013-02-11 14:46:11,014 INFO  com.mchange.v2.c3p0.impl.AbstractPoolBackedDataSource - Initializing c3p0 pool... com.mchange.v2.c3p0.ComboPooledDataSource [ acquireIncrement -> 5, acquireRetryAttempts -> 30, acquireRetryDelay -> 1000, autoCommitOnClose -> false, automaticTestTable -> null, breakAfterAcquireFailure -> false, checkoutTimeout -> 25200, connectionCustomizerClassName -> null, connectionTesterClassName -> com.mchange.v2.c3p0.impl.DefaultConnectionTester, dataSourceName -> apa, debugUnreturnedConnectionStackTraces -> false, description -> null, driverClass -> org.hsqldb.jdbcDriver, factoryClassLocation -> null, forceIgnoreUnresolvedTransactions -> false, identityToken -> 2t7q658s1jumx388bmh82|56b16ffe, idleConnectionTestPeriod -> 14400, initialPoolSize -> 10, jdbcUrl -> jdbc:hsqldb:file:mem, maxAdministrativeTaskTime -> 0, maxConnectionAge -> 0, maxIdleTime -> 0, maxIdleTimeExcessConnections -> 0, maxPoolSize -> 100, maxStatements -> 0, maxStatementsPerConnection -> 0, minPoolSize -> 10, numHelperThreads -> 3, numThreadsAwaitingCheckoutDefaultUser -> 0, preferredTestQuery -> null, properties -> {user=******, c3p0.max_statements=0, password=******, c3p0.preferredTestQuery=select 1;, c3p0.max_size=100, c3p0.min_size=10}, propertyCycle -> 0, testConnectionOnCheckin -> false, testConnectionOnCheckout -> false, unreturnedConnectionTimeout -> 0, usesTraditionalReflectiveProxies -> false ]
2013-02-11 14:46:11,024 INFO  org.hibernate.dialect.Dialect - HHH000400: Using dialect: org.hibernate.dialect.HSQLDialect
2013-02-11 14:46:11,026 INFO  org.hibernate.engine.jdbc.internal.LobCreatorBuilder - HHH000424: Disabling contextual LOB creation as createClob() method threw error : java.lang.reflect.InvocationTargetException
2013-02-11 14:46:11,028 INFO  org.hibernate.engine.transaction.internal.TransactionFactoryInitiator - HHH000268: Transaction strategy: org.hibernate.engine.transaction.internal.jdbc.JdbcTransactionFactory
2013-02-11 14:46:11,029 INFO  org.hibernate.hql.internal.ast.ASTQueryTranslatorFactory - HHH000397: Using ASTQueryTranslatorFactory
2013-02-11 14:46:11,045 INFO  org.hibernate.tool.hbm2ddl.SchemaExport - HHH000227: Running hbm2ddl schema export
2013-02-11 14:46:11,049 INFO  org.hibernate.tool.hbm2ddl.SchemaExport - HHH000230: Schema export complete
2013-02-11 14:46:11,102 INFO  org.springframework.web.context.ContextLoader - Root WebApplicationContext: initialization completed in 553 ms
2013-02-11 14:46:12,793 INFO  org.springframework.web.context.ContextLoader - Root WebApplicationContext: initialization started
2013-02-11 14:46:12,797 INFO  org.springframework.web.context.support.XmlWebApplicationContext - Refreshing Root WebApplicationContext: startup date [Mon Feb 11 14:46:12 EET 2013]; root of context hierarchy
2013-02-11 14:46:12,799 INFO  org.springframework.beans.factory.xml.XmlBeanDefinitionReader - Loading XML bean definitions from class path resource [applicationContext.xml]
2013-02-11 14:46:12,937 INFO  org.springframework.context.annotation.ClassPathBeanDefinitionScanner - JSR-330 'javax.inject.Named' annotation found and supported for component scanning
2013-02-11 14:46:13,049 INFO  org.springframework.beans.factory.annotation.AutowiredAnnotationBeanPostProcessor - JSR-330 'javax.inject.Inject' annotation found and supported for autowiring
2013-02-11 14:46:13,055 INFO  org.springframework.beans.factory.support.DefaultListableBeanFactory - Pre-instantiating singletons in org.springframework.beans.factory.support.DefaultListableBeanFactory@2434e1f7: defining beans [org.springframework.context.config.internalBeanConfigurerAspect,usersDAODatabaseImpl,usersService,org.springframework.context.annotation.internalConfigurationAnnotationProcessor,org.springframework.context.annotation.internalAutowiredAnnotationProcessor,org.springframework.context.annotation.internalRequiredAnnotationProcessor,org.springframework.context.annotation.internalCommonAnnotationProcessor,org.springframework.context.annotation.internalPersistenceAnnotationProcessor,org.springframework.transaction.config.internalTransactionAspect,transactionManager,dataSource,entityManagerFactory,org.springframework.context.annotation.ConfigurationClassPostProcessor$ImportAwareBeanPostProcessor#0]; root of factory hierarchy
2013-02-11 14:46:13,161 INFO  org.springframework.orm.jpa.LocalContainerEntityManagerFactoryBean - Building JPA container EntityManagerFactory for persistence unit 'persistenceUnit'
2013-02-11 14:46:13,163 INFO  org.hibernate.ejb.Ejb3Configuration - HHH000204: Processing PersistenceUnitInfo [
	name: persistenceUnit
	...]
2013-02-11 14:46:13,198 INFO  org.hibernate.service.jdbc.connections.internal.ConnectionProviderInitiator - HHH000130: Instantiating explicit connection provider: org.hibernate.ejb.connection.InjectedDataSourceConnectionProvider
2013-02-11 14:46:13,238 INFO  com.mchange.v2.c3p0.impl.AbstractPoolBackedDataSource - Initializing c3p0 pool... com.mchange.v2.c3p0.ComboPooledDataSource [ acquireIncrement -> 5, acquireRetryAttempts -> 30, acquireRetryDelay -> 1000, autoCommitOnClose -> false, automaticTestTable -> null, breakAfterAcquireFailure -> false, checkoutTimeout -> 25200, connectionCustomizerClassName -> null, connectionTesterClassName -> com.mchange.v2.c3p0.impl.DefaultConnectionTester, dataSourceName -> apa, debugUnreturnedConnectionStackTraces -> false, description -> null, driverClass -> org.hsqldb.jdbcDriver, factoryClassLocation -> null, forceIgnoreUnresolvedTransactions -> false, identityToken -> 2t7q658s1jumx388bmh82|7372194, idleConnectionTestPeriod -> 14400, initialPoolSize -> 10, jdbcUrl -> jdbc:hsqldb:file:mem, maxAdministrativeTaskTime -> 0, maxConnectionAge -> 0, maxIdleTime -> 0, maxIdleTimeExcessConnections -> 0, maxPoolSize -> 100, maxStatements -> 0, maxStatementsPerConnection -> 0, minPoolSize -> 10, numHelperThreads -> 3, numThreadsAwaitingCheckoutDefaultUser -> 0, preferredTestQuery -> null, properties -> {user=******, c3p0.max_statements=0, password=******, c3p0.preferredTestQuery=select 1;, c3p0.max_size=100, c3p0.min_size=10}, propertyCycle -> 0, testConnectionOnCheckin -> false, testConnectionOnCheckout -> false, unreturnedConnectionTimeout -> 0, usesTraditionalReflectiveProxies -> false ]
2013-02-11 14:46:13,246 INFO  org.hibernate.dialect.Dialect - HHH000400: Using dialect: org.hibernate.dialect.HSQLDialect
2013-02-11 14:46:13,248 INFO  org.hibernate.engine.jdbc.internal.LobCreatorBuilder - HHH000424: Disabling contextual LOB creation as createClob() method threw error : java.lang.reflect.InvocationTargetException
2013-02-11 14:46:13,249 INFO  org.hibernate.engine.transaction.internal.TransactionFactoryInitiator - HHH000268: Transaction strategy: org.hibernate.engine.transaction.internal.jdbc.JdbcTransactionFactory
2013-02-11 14:46:13,250 INFO  org.hibernate.hql.internal.ast.ASTQueryTranslatorFactory - HHH000397: Using ASTQueryTranslatorFactory
2013-02-11 14:46:13,266 INFO  org.hibernate.tool.hbm2ddl.SchemaExport - HHH000227: Running hbm2ddl schema export
2013-02-11 14:46:13,269 INFO  org.hibernate.tool.hbm2ddl.SchemaExport - HHH000230: Schema export complete
2013-02-11 14:46:13,323 INFO  org.springframework.web.context.ContextLoader - Root WebApplicationContext: initialization completed in 530 ms
2013-02-11 14:50:31,883 INFO  org.springframework.web.context.ContextLoader - Root WebApplicationContext: initialization started
2013-02-11 14:50:32,207 INFO  org.springframework.web.context.support.XmlWebApplicationContext - Refreshing Root WebApplicationContext: startup date [Mon Feb 11 14:50:32 EET 2013]; root of context hierarchy
2013-02-11 14:50:32,420 INFO  org.springframework.beans.factory.xml.XmlBeanDefinitionReader - Loading XML bean definitions from class path resource [applicationContext.xml]
2013-02-11 14:50:33,067 INFO  org.springframework.context.annotation.ClassPathBeanDefinitionScanner - JSR-330 'javax.inject.Named' annotation found and supported for component scanning
2013-02-11 14:50:33,888 INFO  org.springframework.beans.factory.annotation.AutowiredAnnotationBeanPostProcessor - JSR-330 'javax.inject.Inject' annotation found and supported for autowiring
2013-02-11 14:50:33,929 INFO  org.springframework.beans.factory.support.DefaultListableBeanFactory - Pre-instantiating singletons in org.springframework.beans.factory.support.DefaultListableBeanFactory@22075431: defining beans [org.springframework.context.config.internalBeanConfigurerAspect,usersDAODatabaseImpl,usersService,org.springframework.context.annotation.internalConfigurationAnnotationProcessor,org.springframework.context.annotation.internalAutowiredAnnotationProcessor,org.springframework.context.annotation.internalRequiredAnnotationProcessor,org.springframework.context.annotation.internalCommonAnnotationProcessor,org.springframework.context.annotation.internalPersistenceAnnotationProcessor,org.springframework.transaction.config.internalTransactionAspect,transactionManager,dataSource,entityManagerFactory,org.springframework.context.annotation.ConfigurationClassPostProcessor$ImportAwareBeanPostProcessor#0]; root of factory hierarchy
2013-02-11 14:50:34,539 INFO  com.mchange.v2.log.MLog - MLog clients using log4j logging.
2013-02-11 14:50:35,009 INFO  com.mchange.v2.c3p0.C3P0Registry - Initializing c3p0-0.9.1.2 [built 21-May-2007 15:04:56; debug? true; trace: 10]
2013-02-11 14:50:35,889 INFO  org.springframework.orm.jpa.LocalContainerEntityManagerFactoryBean - Building JPA container EntityManagerFactory for persistence unit 'persistenceUnit'
2013-02-11 14:50:36,461 INFO  org.hibernate.annotations.common.Version - HCANN000001: Hibernate Commons Annotations {4.0.1.Final}
2013-02-11 14:50:36,482 INFO  org.hibernate.Version - HHH000412: Hibernate Core {4.1.5.SP1}
2013-02-11 14:50:36,487 INFO  org.hibernate.cfg.Environment - HHH000206: hibernate.properties not found
2013-02-11 14:50:36,492 INFO  org.hibernate.cfg.Environment - HHH000021: Bytecode provider name : javassist
2013-02-11 14:50:36,565 INFO  org.hibernate.ejb.Ejb3Configuration - HHH000204: Processing PersistenceUnitInfo [
	name: persistenceUnit
	...]
2013-02-11 14:50:37,410 INFO  org.hibernate.service.jdbc.connections.internal.ConnectionProviderInitiator - HHH000130: Instantiating explicit connection provider: org.hibernate.ejb.connection.InjectedDataSourceConnectionProvider
2013-02-11 14:50:37,688 INFO  com.mchange.v2.c3p0.impl.AbstractPoolBackedDataSource - Initializing c3p0 pool... com.mchange.v2.c3p0.ComboPooledDataSource [ acquireIncrement -> 5, acquireRetryAttempts -> 30, acquireRetryDelay -> 1000, autoCommitOnClose -> false, automaticTestTable -> null, breakAfterAcquireFailure -> false, checkoutTimeout -> 25200, connectionCustomizerClassName -> null, connectionTesterClassName -> com.mchange.v2.c3p0.impl.DefaultConnectionTester, dataSourceName -> apa, debugUnreturnedConnectionStackTraces -> false, description -> null, driverClass -> org.hsqldb.jdbcDriver, factoryClassLocation -> null, forceIgnoreUnresolvedTransactions -> false, identityToken -> 2t7q658s1jusqoy1ebdpul|c7740e7, idleConnectionTestPeriod -> 14400, initialPoolSize -> 10, jdbcUrl -> jdbc:hsqldb:file:mem, maxAdministrativeTaskTime -> 0, maxConnectionAge -> 0, maxIdleTime -> 0, maxIdleTimeExcessConnections -> 0, maxPoolSize -> 100, maxStatements -> 0, maxStatementsPerConnection -> 0, minPoolSize -> 10, numHelperThreads -> 3, numThreadsAwaitingCheckoutDefaultUser -> 0, preferredTestQuery -> null, properties -> {user=******, c3p0.max_statements=0, password=******, c3p0.preferredTestQuery=select 1;, c3p0.max_size=100, c3p0.min_size=10}, propertyCycle -> 0, testConnectionOnCheckin -> false, testConnectionOnCheckout -> false, unreturnedConnectionTimeout -> 0, usesTraditionalReflectiveProxies -> false ]
2013-02-11 14:50:38,874 INFO  hsqldb.db.HSQLDB3CC8F617F2.ENGINE - checkpointClose start
2013-02-11 14:50:38,918 INFO  hsqldb.db.HSQLDB3CC8F617F2.ENGINE - checkpointClose end
2013-02-11 14:50:39,105 INFO  org.hibernate.dialect.Dialect - HHH000400: Using dialect: org.hibernate.dialect.HSQLDialect
2013-02-11 14:50:39,140 INFO  org.hibernate.engine.jdbc.internal.LobCreatorBuilder - HHH000424: Disabling contextual LOB creation as createClob() method threw error : java.lang.reflect.InvocationTargetException
2013-02-11 14:50:39,175 INFO  org.hibernate.engine.transaction.internal.TransactionFactoryInitiator - HHH000268: Transaction strategy: org.hibernate.engine.transaction.internal.jdbc.JdbcTransactionFactory
2013-02-11 14:50:39,190 INFO  org.hibernate.hql.internal.ast.ASTQueryTranslatorFactory - HHH000397: Using ASTQueryTranslatorFactory
2013-02-11 14:50:39,847 INFO  org.hibernate.tool.hbm2ddl.SchemaExport - HHH000227: Running hbm2ddl schema export
2013-02-11 14:50:39,867 INFO  org.hibernate.tool.hbm2ddl.SchemaExport - HHH000230: Schema export complete
2013-02-11 14:50:40,178 INFO  org.springframework.web.context.ContextLoader - Root WebApplicationContext: initialization completed in 8293 ms
2013-02-11 14:50:43,191 INFO  org.springframework.web.context.ContextLoader - Root WebApplicationContext: initialization started
2013-02-11 14:50:43,196 INFO  org.springframework.web.context.support.XmlWebApplicationContext - Refreshing Root WebApplicationContext: startup date [Mon Feb 11 14:50:43 EET 2013]; root of context hierarchy
2013-02-11 14:50:43,203 INFO  org.springframework.beans.factory.xml.XmlBeanDefinitionReader - Loading XML bean definitions from class path resource [applicationContext.xml]
2013-02-11 14:50:43,382 INFO  org.springframework.context.annotation.ClassPathBeanDefinitionScanner - JSR-330 'javax.inject.Named' annotation found and supported for component scanning
2013-02-11 14:50:43,538 INFO  org.springframework.beans.factory.annotation.AutowiredAnnotationBeanPostProcessor - JSR-330 'javax.inject.Inject' annotation found and supported for autowiring
2013-02-11 14:50:43,546 INFO  org.springframework.beans.factory.support.DefaultListableBeanFactory - Pre-instantiating singletons in org.springframework.beans.factory.support.DefaultListableBeanFactory@1fd7a2da: defining beans [org.springframework.context.config.internalBeanConfigurerAspect,usersDAODatabaseImpl,usersService,org.springframework.context.annotation.internalConfigurationAnnotationProcessor,org.springframework.context.annotation.internalAutowiredAnnotationProcessor,org.springframework.context.annotation.internalRequiredAnnotationProcessor,org.springframework.context.annotation.internalCommonAnnotationProcessor,org.springframework.context.annotation.internalPersistenceAnnotationProcessor,org.springframework.transaction.config.internalTransactionAspect,transactionManager,dataSource,entityManagerFactory,org.springframework.context.annotation.ConfigurationClassPostProcessor$ImportAwareBeanPostProcessor#0]; root of factory hierarchy
2013-02-11 14:50:43,682 INFO  org.springframework.orm.jpa.LocalContainerEntityManagerFactoryBean - Building JPA container EntityManagerFactory for persistence unit 'persistenceUnit'
2013-02-11 14:50:43,685 INFO  org.hibernate.ejb.Ejb3Configuration - HHH000204: Processing PersistenceUnitInfo [
	name: persistenceUnit
	...]
2013-02-11 14:50:43,720 INFO  org.hibernate.service.jdbc.connections.internal.ConnectionProviderInitiator - HHH000130: Instantiating explicit connection provider: org.hibernate.ejb.connection.InjectedDataSourceConnectionProvider
2013-02-11 14:50:43,770 INFO  com.mchange.v2.c3p0.impl.AbstractPoolBackedDataSource - Initializing c3p0 pool... com.mchange.v2.c3p0.ComboPooledDataSource [ acquireIncrement -> 5, acquireRetryAttempts -> 30, acquireRetryDelay -> 1000, autoCommitOnClose -> false, automaticTestTable -> null, breakAfterAcquireFailure -> false, checkoutTimeout -> 25200, connectionCustomizerClassName -> null, connectionTesterClassName -> com.mchange.v2.c3p0.impl.DefaultConnectionTester, dataSourceName -> apa, debugUnreturnedConnectionStackTraces -> false, description -> null, driverClass -> org.hsqldb.jdbcDriver, factoryClassLocation -> null, forceIgnoreUnresolvedTransactions -> false, identityToken -> 2t7q658s1jusqoy1ebdpul|7e6256a6, idleConnectionTestPeriod -> 14400, initialPoolSize -> 10, jdbcUrl -> jdbc:hsqldb:file:mem, maxAdministrativeTaskTime -> 0, maxConnectionAge -> 0, maxIdleTime -> 0, maxIdleTimeExcessConnections -> 0, maxPoolSize -> 100, maxStatements -> 0, maxStatementsPerConnection -> 0, minPoolSize -> 10, numHelperThreads -> 3, numThreadsAwaitingCheckoutDefaultUser -> 0, preferredTestQuery -> null, properties -> {user=******, c3p0.max_statements=0, password=******, c3p0.preferredTestQuery=select 1;, c3p0.max_size=100, c3p0.min_size=10}, propertyCycle -> 0, testConnectionOnCheckin -> false, testConnectionOnCheckout -> false, unreturnedConnectionTimeout -> 0, usesTraditionalReflectiveProxies -> false ]
2013-02-11 14:50:43,782 INFO  org.hibernate.dialect.Dialect - HHH000400: Using dialect: org.hibernate.dialect.HSQLDialect
2013-02-11 14:50:43,784 INFO  org.hibernate.engine.jdbc.internal.LobCreatorBuilder - HHH000424: Disabling contextual LOB creation as createClob() method threw error : java.lang.reflect.InvocationTargetException
2013-02-11 14:50:43,786 INFO  org.hibernate.engine.transaction.internal.TransactionFactoryInitiator - HHH000268: Transaction strategy: org.hibernate.engine.transaction.internal.jdbc.JdbcTransactionFactory
2013-02-11 14:50:43,787 INFO  org.hibernate.hql.internal.ast.ASTQueryTranslatorFactory - HHH000397: Using ASTQueryTranslatorFactory
2013-02-11 14:50:43,801 INFO  org.hibernate.tool.hbm2ddl.SchemaExport - HHH000227: Running hbm2ddl schema export
2013-02-11 14:50:43,806 INFO  org.hibernate.tool.hbm2ddl.SchemaExport - HHH000230: Schema export complete
2013-02-11 14:50:43,878 INFO  org.springframework.web.context.ContextLoader - Root WebApplicationContext: initialization completed in 687 ms
2013-02-11 14:50:46,068 INFO  org.springframework.web.context.ContextLoader - Root WebApplicationContext: initialization started
2013-02-11 14:50:46,076 INFO  org.springframework.web.context.support.XmlWebApplicationContext - Refreshing Root WebApplicationContext: startup date [Mon Feb 11 14:50:46 EET 2013]; root of context hierarchy
2013-02-11 14:50:46,079 INFO  org.springframework.beans.factory.xml.XmlBeanDefinitionReader - Loading XML bean definitions from class path resource [applicationContext.xml]
2013-02-11 14:50:46,263 INFO  org.springframework.context.annotation.ClassPathBeanDefinitionScanner - JSR-330 'javax.inject.Named' annotation found and supported for component scanning
2013-02-11 14:50:46,431 INFO  org.springframework.beans.factory.annotation.AutowiredAnnotationBeanPostProcessor - JSR-330 'javax.inject.Inject' annotation found and supported for autowiring
2013-02-11 14:50:46,440 INFO  org.springframework.beans.factory.support.DefaultListableBeanFactory - Pre-instantiating singletons in org.springframework.beans.factory.support.DefaultListableBeanFactory@1c0fe3f0: defining beans [org.springframework.context.config.internalBeanConfigurerAspect,usersDAODatabaseImpl,usersService,org.springframework.context.annotation.internalConfigurationAnnotationProcessor,org.springframework.context.annotation.internalAutowiredAnnotationProcessor,org.springframework.context.annotation.internalRequiredAnnotationProcessor,org.springframework.context.annotation.internalCommonAnnotationProcessor,org.springframework.context.annotation.internalPersistenceAnnotationProcessor,org.springframework.transaction.config.internalTransactionAspect,transactionManager,dataSource,entityManagerFactory,org.springframework.context.annotation.ConfigurationClassPostProcessor$ImportAwareBeanPostProcessor#0]; root of factory hierarchy
2013-02-11 14:50:46,596 INFO  org.springframework.orm.jpa.LocalContainerEntityManagerFactoryBean - Building JPA container EntityManagerFactory for persistence unit 'persistenceUnit'
2013-02-11 14:50:46,599 INFO  org.hibernate.ejb.Ejb3Configuration - HHH000204: Processing PersistenceUnitInfo [
	name: persistenceUnit
	...]
2013-02-11 14:50:46,632 INFO  org.hibernate.service.jdbc.connections.internal.ConnectionProviderInitiator - HHH000130: Instantiating explicit connection provider: org.hibernate.ejb.connection.InjectedDataSourceConnectionProvider
2013-02-11 14:50:46,684 INFO  com.mchange.v2.c3p0.impl.AbstractPoolBackedDataSource - Initializing c3p0 pool... com.mchange.v2.c3p0.ComboPooledDataSource [ acquireIncrement -> 5, acquireRetryAttempts -> 30, acquireRetryDelay -> 1000, autoCommitOnClose -> false, automaticTestTable -> null, breakAfterAcquireFailure -> false, checkoutTimeout -> 25200, connectionCustomizerClassName -> null, connectionTesterClassName -> com.mchange.v2.c3p0.impl.DefaultConnectionTester, dataSourceName -> apa, debugUnreturnedConnectionStackTraces -> false, description -> null, driverClass -> org.hsqldb.jdbcDriver, factoryClassLocation -> null, forceIgnoreUnresolvedTransactions -> false, identityToken -> 2t7q658s1jusqoy1ebdpul|2e366ab3, idleConnectionTestPeriod -> 14400, initialPoolSize -> 10, jdbcUrl -> jdbc:hsqldb:file:mem, maxAdministrativeTaskTime -> 0, maxConnectionAge -> 0, maxIdleTime -> 0, maxIdleTimeExcessConnections -> 0, maxPoolSize -> 100, maxStatements -> 0, maxStatementsPerConnection -> 0, minPoolSize -> 10, numHelperThreads -> 3, numThreadsAwaitingCheckoutDefaultUser -> 0, preferredTestQuery -> null, properties -> {user=******, c3p0.max_statements=0, password=******, c3p0.preferredTestQuery=select 1;, c3p0.max_size=100, c3p0.min_size=10}, propertyCycle -> 0, testConnectionOnCheckin -> false, testConnectionOnCheckout -> false, unreturnedConnectionTimeout -> 0, usesTraditionalReflectiveProxies -> false ]
2013-02-11 14:50:46,700 INFO  org.hibernate.dialect.Dialect - HHH000400: Using dialect: org.hibernate.dialect.HSQLDialect
2013-02-11 14:50:46,703 INFO  org.hibernate.engine.jdbc.internal.LobCreatorBuilder - HHH000424: Disabling contextual LOB creation as createClob() method threw error : java.lang.reflect.InvocationTargetException
2013-02-11 14:50:46,704 INFO  org.hibernate.engine.transaction.internal.TransactionFactoryInitiator - HHH000268: Transaction strategy: org.hibernate.engine.transaction.internal.jdbc.JdbcTransactionFactory
2013-02-11 14:50:46,705 INFO  org.hibernate.hql.internal.ast.ASTQueryTranslatorFactory - HHH000397: Using ASTQueryTranslatorFactory
2013-02-11 14:50:46,726 INFO  org.hibernate.tool.hbm2ddl.SchemaExport - HHH000227: Running hbm2ddl schema export
2013-02-11 14:50:46,733 INFO  org.hibernate.tool.hbm2ddl.SchemaExport - HHH000230: Schema export complete
2013-02-11 14:50:46,788 INFO  org.springframework.web.context.ContextLoader - Root WebApplicationContext: initialization completed in 719 ms
2013-02-11 14:56:55,061 INFO  org.springframework.web.context.ContextLoader - Root WebApplicationContext: initialization started
2013-02-11 14:56:55,317 INFO  org.springframework.web.context.support.XmlWebApplicationContext - Refreshing Root WebApplicationContext: startup date [Mon Feb 11 14:56:55 EET 2013]; root of context hierarchy
2013-02-11 14:56:55,477 INFO  org.springframework.beans.factory.xml.XmlBeanDefinitionReader - Loading XML bean definitions from class path resource [applicationContext.xml]
2013-02-11 14:56:55,982 INFO  org.springframework.context.annotation.ClassPathBeanDefinitionScanner - JSR-330 'javax.inject.Named' annotation found and supported for component scanning
2013-02-11 14:56:56,669 INFO  org.springframework.beans.factory.annotation.AutowiredAnnotationBeanPostProcessor - JSR-330 'javax.inject.Inject' annotation found and supported for autowiring
2013-02-11 14:56:56,705 INFO  org.springframework.beans.factory.support.DefaultListableBeanFactory - Pre-instantiating singletons in org.springframework.beans.factory.support.DefaultListableBeanFactory@5250c5b0: defining beans [org.springframework.context.config.internalBeanConfigurerAspect,usersDAODatabaseImpl,usersService,org.springframework.context.annotation.internalConfigurationAnnotationProcessor,org.springframework.context.annotation.internalAutowiredAnnotationProcessor,org.springframework.context.annotation.internalRequiredAnnotationProcessor,org.springframework.context.annotation.internalCommonAnnotationProcessor,org.springframework.context.annotation.internalPersistenceAnnotationProcessor,org.springframework.transaction.config.internalTransactionAspect,transactionManager,dataSource,entityManagerFactory,org.springframework.context.annotation.ConfigurationClassPostProcessor$ImportAwareBeanPostProcessor#0]; root of factory hierarchy
2013-02-11 14:56:57,296 INFO  com.mchange.v2.log.MLog - MLog clients using log4j logging.
2013-02-11 14:56:57,664 INFO  com.mchange.v2.c3p0.C3P0Registry - Initializing c3p0-0.9.1.2 [built 21-May-2007 15:04:56; debug? true; trace: 10]
2013-02-11 14:56:58,431 INFO  org.springframework.orm.jpa.LocalContainerEntityManagerFactoryBean - Building JPA container EntityManagerFactory for persistence unit 'persistenceUnit'
2013-02-11 14:56:58,964 INFO  org.hibernate.annotations.common.Version - HCANN000001: Hibernate Commons Annotations {4.0.1.Final}
2013-02-11 14:56:58,986 INFO  org.hibernate.Version - HHH000412: Hibernate Core {4.1.5.SP1}
2013-02-11 14:56:58,991 INFO  org.hibernate.cfg.Environment - HHH000206: hibernate.properties not found
2013-02-11 14:56:58,997 INFO  org.hibernate.cfg.Environment - HHH000021: Bytecode provider name : javassist
2013-02-11 14:56:59,066 INFO  org.hibernate.ejb.Ejb3Configuration - HHH000204: Processing PersistenceUnitInfo [
	name: persistenceUnit
	...]
2013-02-11 14:56:59,767 INFO  org.hibernate.service.jdbc.connections.internal.ConnectionProviderInitiator - HHH000130: Instantiating explicit connection provider: org.hibernate.ejb.connection.InjectedDataSourceConnectionProvider
2013-02-11 14:57:00,008 INFO  com.mchange.v2.c3p0.impl.AbstractPoolBackedDataSource - Initializing c3p0 pool... com.mchange.v2.c3p0.ComboPooledDataSource [ acquireIncrement -> 5, acquireRetryAttempts -> 30, acquireRetryDelay -> 1000, autoCommitOnClose -> false, automaticTestTable -> null, breakAfterAcquireFailure -> false, checkoutTimeout -> 25200, connectionCustomizerClassName -> null, connectionTesterClassName -> com.mchange.v2.c3p0.impl.DefaultConnectionTester, dataSourceName -> apa, debugUnreturnedConnectionStackTraces -> false, description -> null, driverClass -> org.hsqldb.jdbcDriver, factoryClassLocation -> null, forceIgnoreUnresolvedTransactions -> false, identityToken -> 2t7q658s1jv0y0k1ga9pvk|675dcfa4, idleConnectionTestPeriod -> 14400, initialPoolSize -> 10, jdbcUrl -> jdbc:hsqldb:file:mem, maxAdministrativeTaskTime -> 0, maxConnectionAge -> 0, maxIdleTime -> 0, maxIdleTimeExcessConnections -> 0, maxPoolSize -> 100, maxStatements -> 0, maxStatementsPerConnection -> 0, minPoolSize -> 10, numHelperThreads -> 3, numThreadsAwaitingCheckoutDefaultUser -> 0, preferredTestQuery -> null, properties -> {user=******, c3p0.max_statements=0, password=******, c3p0.preferredTestQuery=select 1;, c3p0.max_size=100, c3p0.min_size=10}, propertyCycle -> 0, testConnectionOnCheckin -> false, testConnectionOnCheckout -> false, unreturnedConnectionTimeout -> 0, usesTraditionalReflectiveProxies -> false ]
2013-02-11 14:57:01,001 INFO  hsqldb.db.HSQLDB3CC8F617F2.ENGINE - checkpointClose start
2013-02-11 14:57:01,039 INFO  hsqldb.db.HSQLDB3CC8F617F2.ENGINE - checkpointClose end
2013-02-11 14:57:01,186 INFO  org.hibernate.dialect.Dialect - HHH000400: Using dialect: org.hibernate.dialect.HSQLDialect
2013-02-11 14:57:01,214 INFO  org.hibernate.engine.jdbc.internal.LobCreatorBuilder - HHH000424: Disabling contextual LOB creation as createClob() method threw error : java.lang.reflect.InvocationTargetException
2013-02-11 14:57:01,247 INFO  org.hibernate.engine.transaction.internal.TransactionFactoryInitiator - HHH000268: Transaction strategy: org.hibernate.engine.transaction.internal.jdbc.JdbcTransactionFactory
2013-02-11 14:57:01,261 INFO  org.hibernate.hql.internal.ast.ASTQueryTranslatorFactory - HHH000397: Using ASTQueryTranslatorFactory
2013-02-11 14:57:01,857 INFO  org.hibernate.tool.hbm2ddl.SchemaExport - HHH000227: Running hbm2ddl schema export
2013-02-11 14:57:01,875 INFO  org.hibernate.tool.hbm2ddl.SchemaExport - HHH000230: Schema export complete
2013-02-11 14:57:02,250 INFO  org.springframework.web.context.ContextLoader - Root WebApplicationContext: initialization completed in 7187 ms
2013-02-11 14:57:04,885 INFO  org.springframework.web.context.ContextLoader - Root WebApplicationContext: initialization started
2013-02-11 14:57:04,890 INFO  org.springframework.web.context.support.XmlWebApplicationContext - Refreshing Root WebApplicationContext: startup date [Mon Feb 11 14:57:04 EET 2013]; root of context hierarchy
2013-02-11 14:57:04,895 INFO  org.springframework.beans.factory.xml.XmlBeanDefinitionReader - Loading XML bean definitions from class path resource [applicationContext.xml]
2013-02-11 14:57:05,041 INFO  org.springframework.context.annotation.ClassPathBeanDefinitionScanner - JSR-330 'javax.inject.Named' annotation found and supported for component scanning
2013-02-11 14:57:05,167 INFO  org.springframework.beans.factory.annotation.AutowiredAnnotationBeanPostProcessor - JSR-330 'javax.inject.Inject' annotation found and supported for autowiring
2013-02-11 14:57:05,173 INFO  org.springframework.beans.factory.support.DefaultListableBeanFactory - Pre-instantiating singletons in org.springframework.beans.factory.support.DefaultListableBeanFactory@f6db786: defining beans [org.springframework.context.config.internalBeanConfigurerAspect,usersDAODatabaseImpl,usersService,org.springframework.context.annotation.internalConfigurationAnnotationProcessor,org.springframework.context.annotation.internalAutowiredAnnotationProcessor,org.springframework.context.annotation.internalRequiredAnnotationProcessor,org.springframework.context.annotation.internalCommonAnnotationProcessor,org.springframework.context.annotation.internalPersistenceAnnotationProcessor,org.springframework.transaction.config.internalTransactionAspect,transactionManager,dataSource,entityManagerFactory,org.springframework.context.annotation.ConfigurationClassPostProcessor$ImportAwareBeanPostProcessor#0]; root of factory hierarchy
2013-02-11 14:57:05,270 INFO  org.springframework.orm.jpa.LocalContainerEntityManagerFactoryBean - Building JPA container EntityManagerFactory for persistence unit 'persistenceUnit'
2013-02-11 14:57:05,271 INFO  org.hibernate.ejb.Ejb3Configuration - HHH000204: Processing PersistenceUnitInfo [
	name: persistenceUnit
	...]
2013-02-11 14:57:05,292 INFO  org.hibernate.service.jdbc.connections.internal.ConnectionProviderInitiator - HHH000130: Instantiating explicit connection provider: org.hibernate.ejb.connection.InjectedDataSourceConnectionProvider
2013-02-11 14:57:05,322 INFO  com.mchange.v2.c3p0.impl.AbstractPoolBackedDataSource - Initializing c3p0 pool... com.mchange.v2.c3p0.ComboPooledDataSource [ acquireIncrement -> 5, acquireRetryAttempts -> 30, acquireRetryDelay -> 1000, autoCommitOnClose -> false, automaticTestTable -> null, breakAfterAcquireFailure -> false, checkoutTimeout -> 25200, connectionCustomizerClassName -> null, connectionTesterClassName -> com.mchange.v2.c3p0.impl.DefaultConnectionTester, dataSourceName -> apa, debugUnreturnedConnectionStackTraces -> false, description -> null, driverClass -> org.hsqldb.jdbcDriver, factoryClassLocation -> null, forceIgnoreUnresolvedTransactions -> false, identityToken -> 2t7q658s1jv0y0k1ga9pvk|7e0d6379, idleConnectionTestPeriod -> 14400, initialPoolSize -> 10, jdbcUrl -> jdbc:hsqldb:file:mem, maxAdministrativeTaskTime -> 0, maxConnectionAge -> 0, maxIdleTime -> 0, maxIdleTimeExcessConnections -> 0, maxPoolSize -> 100, maxStatements -> 0, maxStatementsPerConnection -> 0, minPoolSize -> 10, numHelperThreads -> 3, numThreadsAwaitingCheckoutDefaultUser -> 0, preferredTestQuery -> null, properties -> {user=******, c3p0.max_statements=0, password=******, c3p0.preferredTestQuery=select 1;, c3p0.max_size=100, c3p0.min_size=10}, propertyCycle -> 0, testConnectionOnCheckin -> false, testConnectionOnCheckout -> false, unreturnedConnectionTimeout -> 0, usesTraditionalReflectiveProxies -> false ]
2013-02-11 14:57:05,332 INFO  org.hibernate.dialect.Dialect - HHH000400: Using dialect: org.hibernate.dialect.HSQLDialect
2013-02-11 14:57:05,334 INFO  org.hibernate.engine.jdbc.internal.LobCreatorBuilder - HHH000424: Disabling contextual LOB creation as createClob() method threw error : java.lang.reflect.InvocationTargetException
2013-02-11 14:57:05,335 INFO  org.hibernate.engine.transaction.internal.TransactionFactoryInitiator - HHH000268: Transaction strategy: org.hibernate.engine.transaction.internal.jdbc.JdbcTransactionFactory
2013-02-11 14:57:05,336 INFO  org.hibernate.hql.internal.ast.ASTQueryTranslatorFactory - HHH000397: Using ASTQueryTranslatorFactory
2013-02-11 14:57:05,347 INFO  org.hibernate.tool.hbm2ddl.SchemaExport - HHH000227: Running hbm2ddl schema export
2013-02-11 14:57:05,352 INFO  org.hibernate.tool.hbm2ddl.SchemaExport - HHH000230: Schema export complete
2013-02-11 14:57:05,397 INFO  org.springframework.web.context.ContextLoader - Root WebApplicationContext: initialization completed in 511 ms
2013-02-11 14:57:07,070 INFO  org.springframework.web.context.ContextLoader - Root WebApplicationContext: initialization started
2013-02-11 14:57:07,073 INFO  org.springframework.web.context.support.XmlWebApplicationContext - Refreshing Root WebApplicationContext: startup date [Mon Feb 11 14:57:07 EET 2013]; root of context hierarchy
2013-02-11 14:57:07,077 INFO  org.springframework.beans.factory.xml.XmlBeanDefinitionReader - Loading XML bean definitions from class path resource [applicationContext.xml]
2013-02-11 14:57:07,224 INFO  org.springframework.context.annotation.ClassPathBeanDefinitionScanner - JSR-330 'javax.inject.Named' annotation found and supported for component scanning
2013-02-11 14:57:07,331 INFO  org.springframework.beans.factory.annotation.AutowiredAnnotationBeanPostProcessor - JSR-330 'javax.inject.Inject' annotation found and supported for autowiring
2013-02-11 14:57:07,338 INFO  org.springframework.beans.factory.support.DefaultListableBeanFactory - Pre-instantiating singletons in org.springframework.beans.factory.support.DefaultListableBeanFactory@7a93d960: defining beans [org.springframework.context.config.internalBeanConfigurerAspect,usersDAODatabaseImpl,usersService,org.springframework.context.annotation.internalConfigurationAnnotationProcessor,org.springframework.context.annotation.internalAutowiredAnnotationProcessor,org.springframework.context.annotation.internalRequiredAnnotationProcessor,org.springframework.context.annotation.internalCommonAnnotationProcessor,org.springframework.context.annotation.internalPersistenceAnnotationProcessor,org.springframework.transaction.config.internalTransactionAspect,transactionManager,dataSource,entityManagerFactory,org.springframework.context.annotation.ConfigurationClassPostProcessor$ImportAwareBeanPostProcessor#0]; root of factory hierarchy
2013-02-11 14:57:07,440 INFO  org.springframework.orm.jpa.LocalContainerEntityManagerFactoryBean - Building JPA container EntityManagerFactory for persistence unit 'persistenceUnit'
2013-02-11 14:57:07,442 INFO  org.hibernate.ejb.Ejb3Configuration - HHH000204: Processing PersistenceUnitInfo [
	name: persistenceUnit
	...]
2013-02-11 14:57:07,465 INFO  org.hibernate.service.jdbc.connections.internal.ConnectionProviderInitiator - HHH000130: Instantiating explicit connection provider: org.hibernate.ejb.connection.InjectedDataSourceConnectionProvider
2013-02-11 14:57:07,499 INFO  com.mchange.v2.c3p0.impl.AbstractPoolBackedDataSource - Initializing c3p0 pool... com.mchange.v2.c3p0.ComboPooledDataSource [ acquireIncrement -> 5, acquireRetryAttempts -> 30, acquireRetryDelay -> 1000, autoCommitOnClose -> false, automaticTestTable -> null, breakAfterAcquireFailure -> false, checkoutTimeout -> 25200, connectionCustomizerClassName -> null, connectionTesterClassName -> com.mchange.v2.c3p0.impl.DefaultConnectionTester, dataSourceName -> apa, debugUnreturnedConnectionStackTraces -> false, description -> null, driverClass -> org.hsqldb.jdbcDriver, factoryClassLocation -> null, forceIgnoreUnresolvedTransactions -> false, identityToken -> 2t7q658s1jv0y0k1ga9pvk|7cf13353, idleConnectionTestPeriod -> 14400, initialPoolSize -> 10, jdbcUrl -> jdbc:hsqldb:file:mem, maxAdministrativeTaskTime -> 0, maxConnectionAge -> 0, maxIdleTime -> 0, maxIdleTimeExcessConnections -> 0, maxPoolSize -> 100, maxStatements -> 0, maxStatementsPerConnection -> 0, minPoolSize -> 10, numHelperThreads -> 3, numThreadsAwaitingCheckoutDefaultUser -> 0, preferredTestQuery -> null, properties -> {user=******, c3p0.max_statements=0, password=******, c3p0.preferredTestQuery=select 1;, c3p0.max_size=100, c3p0.min_size=10}, propertyCycle -> 0, testConnectionOnCheckin -> false, testConnectionOnCheckout -> false, unreturnedConnectionTimeout -> 0, usesTraditionalReflectiveProxies -> false ]
2013-02-11 14:57:07,510 INFO  org.hibernate.dialect.Dialect - HHH000400: Using dialect: org.hibernate.dialect.HSQLDialect
2013-02-11 14:57:07,512 INFO  org.hibernate.engine.jdbc.internal.LobCreatorBuilder - HHH000424: Disabling contextual LOB creation as createClob() method threw error : java.lang.reflect.InvocationTargetException
2013-02-11 14:57:07,513 INFO  org.hibernate.engine.transaction.internal.TransactionFactoryInitiator - HHH000268: Transaction strategy: org.hibernate.engine.transaction.internal.jdbc.JdbcTransactionFactory
2013-02-11 14:57:07,514 INFO  org.hibernate.hql.internal.ast.ASTQueryTranslatorFactory - HHH000397: Using ASTQueryTranslatorFactory
2013-02-11 14:57:07,526 INFO  org.hibernate.tool.hbm2ddl.SchemaExport - HHH000227: Running hbm2ddl schema export
2013-02-11 14:57:07,531 INFO  org.hibernate.tool.hbm2ddl.SchemaExport - HHH000230: Schema export complete
2013-02-11 14:57:07,568 INFO  org.springframework.web.context.ContextLoader - Root WebApplicationContext: initialization completed in 498 ms
2013-02-11 15:05:13,610 INFO  org.springframework.web.context.ContextLoader - Root WebApplicationContext: initialization started
2013-02-11 15:05:13,905 INFO  org.springframework.web.context.support.XmlWebApplicationContext - Refreshing Root WebApplicationContext: startup date [Mon Feb 11 15:05:13 EET 2013]; root of context hierarchy
2013-02-11 15:05:14,087 INFO  org.springframework.beans.factory.xml.XmlBeanDefinitionReader - Loading XML bean definitions from class path resource [applicationContext.xml]
2013-02-11 15:05:14,600 INFO  org.springframework.context.annotation.ClassPathBeanDefinitionScanner - JSR-330 'javax.inject.Named' annotation found and supported for component scanning
2013-02-11 15:05:15,293 INFO  org.springframework.beans.factory.annotation.AutowiredAnnotationBeanPostProcessor - JSR-330 'javax.inject.Inject' annotation found and supported for autowiring
2013-02-11 15:05:15,340 INFO  org.springframework.beans.factory.support.DefaultListableBeanFactory - Pre-instantiating singletons in org.springframework.beans.factory.support.DefaultListableBeanFactory@f286e6b: defining beans [org.springframework.context.config.internalBeanConfigurerAspect,usersDAODatabaseImpl,usersService,org.springframework.context.annotation.internalConfigurationAnnotationProcessor,org.springframework.context.annotation.internalAutowiredAnnotationProcessor,org.springframework.context.annotation.internalRequiredAnnotationProcessor,org.springframework.context.annotation.internalCommonAnnotationProcessor,org.springframework.context.annotation.internalPersistenceAnnotationProcessor,org.springframework.transaction.config.internalTransactionAspect,transactionManager,dataSource,entityManagerFactory,org.springframework.context.annotation.ConfigurationClassPostProcessor$ImportAwareBeanPostProcessor#0]; root of factory hierarchy
2013-02-11 15:05:15,836 INFO  com.mchange.v2.log.MLog - MLog clients using log4j logging.
2013-02-11 15:05:16,229 INFO  com.mchange.v2.c3p0.C3P0Registry - Initializing c3p0-0.9.1.2 [built 21-May-2007 15:04:56; debug? true; trace: 10]
2013-02-11 15:05:17,089 INFO  org.springframework.orm.jpa.LocalContainerEntityManagerFactoryBean - Building JPA container EntityManagerFactory for persistence unit 'persistenceUnit'
2013-02-11 15:05:17,577 INFO  org.hibernate.annotations.common.Version - HCANN000001: Hibernate Commons Annotations {4.0.1.Final}
2013-02-11 15:05:17,599 INFO  org.hibernate.Version - HHH000412: Hibernate Core {4.1.5.SP1}
2013-02-11 15:05:17,606 INFO  org.hibernate.cfg.Environment - HHH000206: hibernate.properties not found
2013-02-11 15:05:17,611 INFO  org.hibernate.cfg.Environment - HHH000021: Bytecode provider name : javassist
2013-02-11 15:05:17,682 INFO  org.hibernate.ejb.Ejb3Configuration - HHH000204: Processing PersistenceUnitInfo [
	name: persistenceUnit
	...]
2013-02-11 15:05:18,418 INFO  org.hibernate.service.jdbc.connections.internal.ConnectionProviderInitiator - HHH000130: Instantiating explicit connection provider: org.hibernate.ejb.connection.InjectedDataSourceConnectionProvider
2013-02-11 15:05:18,637 INFO  com.mchange.v2.c3p0.impl.AbstractPoolBackedDataSource - Initializing c3p0 pool... com.mchange.v2.c3p0.ComboPooledDataSource [ acquireIncrement -> 5, acquireRetryAttempts -> 30, acquireRetryDelay -> 1000, autoCommitOnClose -> false, automaticTestTable -> null, breakAfterAcquireFailure -> false, checkoutTimeout -> 25200, connectionCustomizerClassName -> null, connectionTesterClassName -> com.mchange.v2.c3p0.impl.DefaultConnectionTester, dataSourceName -> apa, debugUnreturnedConnectionStackTraces -> false, description -> null, driverClass -> org.hsqldb.jdbcDriver, factoryClassLocation -> null, forceIgnoreUnresolvedTransactions -> false, identityToken -> 2t7q658s1jvbmpv1a46l6e|127fe494, idleConnectionTestPeriod -> 14400, initialPoolSize -> 10, jdbcUrl -> jdbc:hsqldb:file:mem, maxAdministrativeTaskTime -> 0, maxConnectionAge -> 0, maxIdleTime -> 0, maxIdleTimeExcessConnections -> 0, maxPoolSize -> 100, maxStatements -> 0, maxStatementsPerConnection -> 0, minPoolSize -> 10, numHelperThreads -> 3, numThreadsAwaitingCheckoutDefaultUser -> 0, preferredTestQuery -> null, properties -> {user=******, c3p0.max_statements=0, password=******, c3p0.preferredTestQuery=select 1;, c3p0.max_size=100, c3p0.min_size=10}, propertyCycle -> 0, testConnectionOnCheckin -> false, testConnectionOnCheckout -> false, unreturnedConnectionTimeout -> 0, usesTraditionalReflectiveProxies -> false ]
2013-02-11 15:05:19,711 INFO  hsqldb.db.HSQLDB3CC8F617F2.ENGINE - checkpointClose start
2013-02-11 15:05:19,743 INFO  hsqldb.db.HSQLDB3CC8F617F2.ENGINE - checkpointClose end
2013-02-11 15:05:19,895 INFO  org.hibernate.dialect.Dialect - HHH000400: Using dialect: org.hibernate.dialect.HSQLDialect
2013-02-11 15:05:19,924 INFO  org.hibernate.engine.jdbc.internal.LobCreatorBuilder - HHH000424: Disabling contextual LOB creation as createClob() method threw error : java.lang.reflect.InvocationTargetException
2013-02-11 15:05:19,959 INFO  org.hibernate.engine.transaction.internal.TransactionFactoryInitiator - HHH000268: Transaction strategy: org.hibernate.engine.transaction.internal.jdbc.JdbcTransactionFactory
2013-02-11 15:05:19,973 INFO  org.hibernate.hql.internal.ast.ASTQueryTranslatorFactory - HHH000397: Using ASTQueryTranslatorFactory
2013-02-11 15:05:20,623 INFO  org.hibernate.tool.hbm2ddl.SchemaExport - HHH000227: Running hbm2ddl schema export
2013-02-11 15:05:20,640 INFO  org.hibernate.tool.hbm2ddl.SchemaExport - HHH000230: Schema export complete
2013-02-11 15:05:20,943 INFO  org.springframework.web.context.ContextLoader - Root WebApplicationContext: initialization completed in 7331 ms
2013-02-11 15:05:23,706 INFO  org.springframework.web.context.ContextLoader - Root WebApplicationContext: initialization started
2013-02-11 15:05:23,711 INFO  org.springframework.web.context.support.XmlWebApplicationContext - Refreshing Root WebApplicationContext: startup date [Mon Feb 11 15:05:23 EET 2013]; root of context hierarchy
2013-02-11 15:05:23,714 INFO  org.springframework.beans.factory.xml.XmlBeanDefinitionReader - Loading XML bean definitions from class path resource [applicationContext.xml]
2013-02-11 15:05:23,870 INFO  org.springframework.context.annotation.ClassPathBeanDefinitionScanner - JSR-330 'javax.inject.Named' annotation found and supported for component scanning
2013-02-11 15:05:24,010 INFO  org.springframework.beans.factory.annotation.AutowiredAnnotationBeanPostProcessor - JSR-330 'javax.inject.Inject' annotation found and supported for autowiring
2013-02-11 15:05:24,019 INFO  org.springframework.beans.factory.support.DefaultListableBeanFactory - Pre-instantiating singletons in org.springframework.beans.factory.support.DefaultListableBeanFactory@62fb343d: defining beans [org.springframework.context.config.internalBeanConfigurerAspect,usersDAODatabaseImpl,usersService,org.springframework.context.annotation.internalConfigurationAnnotationProcessor,org.springframework.context.annotation.internalAutowiredAnnotationProcessor,org.springframework.context.annotation.internalRequiredAnnotationProcessor,org.springframework.context.annotation.internalCommonAnnotationProcessor,org.springframework.context.annotation.internalPersistenceAnnotationProcessor,org.springframework.transaction.config.internalTransactionAspect,transactionManager,dataSource,entityManagerFactory,org.springframework.context.annotation.ConfigurationClassPostProcessor$ImportAwareBeanPostProcessor#0]; root of factory hierarchy
2013-02-11 15:05:24,139 INFO  org.springframework.orm.jpa.LocalContainerEntityManagerFactoryBean - Building JPA container EntityManagerFactory for persistence unit 'persistenceUnit'
2013-02-11 15:05:24,141 INFO  org.hibernate.ejb.Ejb3Configuration - HHH000204: Processing PersistenceUnitInfo [
	name: persistenceUnit
	...]
2013-02-11 15:05:24,164 INFO  org.hibernate.service.jdbc.connections.internal.ConnectionProviderInitiator - HHH000130: Instantiating explicit connection provider: org.hibernate.ejb.connection.InjectedDataSourceConnectionProvider
2013-02-11 15:05:24,215 INFO  com.mchange.v2.c3p0.impl.AbstractPoolBackedDataSource - Initializing c3p0 pool... com.mchange.v2.c3p0.ComboPooledDataSource [ acquireIncrement -> 5, acquireRetryAttempts -> 30, acquireRetryDelay -> 1000, autoCommitOnClose -> false, automaticTestTable -> null, breakAfterAcquireFailure -> false, checkoutTimeout -> 25200, connectionCustomizerClassName -> null, connectionTesterClassName -> com.mchange.v2.c3p0.impl.DefaultConnectionTester, dataSourceName -> apa, debugUnreturnedConnectionStackTraces -> false, description -> null, driverClass -> org.hsqldb.jdbcDriver, factoryClassLocation -> null, forceIgnoreUnresolvedTransactions -> false, identityToken -> 2t7q658s1jvbmpv1a46l6e|5b67dd36, idleConnectionTestPeriod -> 14400, initialPoolSize -> 10, jdbcUrl -> jdbc:hsqldb:file:mem, maxAdministrativeTaskTime -> 0, maxConnectionAge -> 0, maxIdleTime -> 0, maxIdleTimeExcessConnections -> 0, maxPoolSize -> 100, maxStatements -> 0, maxStatementsPerConnection -> 0, minPoolSize -> 10, numHelperThreads -> 3, numThreadsAwaitingCheckoutDefaultUser -> 0, preferredTestQuery -> null, properties -> {user=******, c3p0.max_statements=0, password=******, c3p0.preferredTestQuery=select 1;, c3p0.max_size=100, c3p0.min_size=10}, propertyCycle -> 0, testConnectionOnCheckin -> false, testConnectionOnCheckout -> false, unreturnedConnectionTimeout -> 0, usesTraditionalReflectiveProxies -> false ]
2013-02-11 15:05:24,231 INFO  org.hibernate.dialect.Dialect - HHH000400: Using dialect: org.hibernate.dialect.HSQLDialect
2013-02-11 15:05:24,233 INFO  org.hibernate.engine.jdbc.internal.LobCreatorBuilder - HHH000424: Disabling contextual LOB creation as createClob() method threw error : java.lang.reflect.InvocationTargetException
2013-02-11 15:05:24,235 INFO  org.hibernate.engine.transaction.internal.TransactionFactoryInitiator - HHH000268: Transaction strategy: org.hibernate.engine.transaction.internal.jdbc.JdbcTransactionFactory
2013-02-11 15:05:24,236 INFO  org.hibernate.hql.internal.ast.ASTQueryTranslatorFactory - HHH000397: Using ASTQueryTranslatorFactory
2013-02-11 15:05:24,248 INFO  org.hibernate.tool.hbm2ddl.SchemaExport - HHH000227: Running hbm2ddl schema export
2013-02-11 15:05:24,253 INFO  org.hibernate.tool.hbm2ddl.SchemaExport - HHH000230: Schema export complete
2013-02-11 15:05:24,294 INFO  org.springframework.web.context.ContextLoader - Root WebApplicationContext: initialization completed in 588 ms
2013-02-11 15:05:26,160 INFO  org.springframework.web.context.ContextLoader - Root WebApplicationContext: initialization started
2013-02-11 15:05:26,163 INFO  org.springframework.web.context.support.XmlWebApplicationContext - Refreshing Root WebApplicationContext: startup date [Mon Feb 11 15:05:26 EET 2013]; root of context hierarchy
2013-02-11 15:05:26,166 INFO  org.springframework.beans.factory.xml.XmlBeanDefinitionReader - Loading XML bean definitions from class path resource [applicationContext.xml]
2013-02-11 15:05:26,301 INFO  org.springframework.context.annotation.ClassPathBeanDefinitionScanner - JSR-330 'javax.inject.Named' annotation found and supported for component scanning
2013-02-11 15:05:26,419 INFO  org.springframework.beans.factory.annotation.AutowiredAnnotationBeanPostProcessor - JSR-330 'javax.inject.Inject' annotation found and supported for autowiring
2013-02-11 15:05:26,427 INFO  org.springframework.beans.factory.support.DefaultListableBeanFactory - Pre-instantiating singletons in org.springframework.beans.factory.support.DefaultListableBeanFactory@1efab59f: defining beans [org.springframework.context.config.internalBeanConfigurerAspect,usersDAODatabaseImpl,usersService,org.springframework.context.annotation.internalConfigurationAnnotationProcessor,org.springframework.context.annotation.internalAutowiredAnnotationProcessor,org.springframework.context.annotation.internalRequiredAnnotationProcessor,org.springframework.context.annotation.internalCommonAnnotationProcessor,org.springframework.context.annotation.internalPersistenceAnnotationProcessor,org.springframework.transaction.config.internalTransactionAspect,transactionManager,dataSource,entityManagerFactory,org.springframework.context.annotation.ConfigurationClassPostProcessor$ImportAwareBeanPostProcessor#0]; root of factory hierarchy
2013-02-11 15:05:26,527 INFO  org.springframework.orm.jpa.LocalContainerEntityManagerFactoryBean - Building JPA container EntityManagerFactory for persistence unit 'persistenceUnit'
2013-02-11 15:05:26,529 INFO  org.hibernate.ejb.Ejb3Configuration - HHH000204: Processing PersistenceUnitInfo [
	name: persistenceUnit
	...]
2013-02-11 15:05:26,558 INFO  org.hibernate.service.jdbc.connections.internal.ConnectionProviderInitiator - HHH000130: Instantiating explicit connection provider: org.hibernate.ejb.connection.InjectedDataSourceConnectionProvider
2013-02-11 15:05:26,590 INFO  com.mchange.v2.c3p0.impl.AbstractPoolBackedDataSource - Initializing c3p0 pool... com.mchange.v2.c3p0.ComboPooledDataSource [ acquireIncrement -> 5, acquireRetryAttempts -> 30, acquireRetryDelay -> 1000, autoCommitOnClose -> false, automaticTestTable -> null, breakAfterAcquireFailure -> false, checkoutTimeout -> 25200, connectionCustomizerClassName -> null, connectionTesterClassName -> com.mchange.v2.c3p0.impl.DefaultConnectionTester, dataSourceName -> apa, debugUnreturnedConnectionStackTraces -> false, description -> null, driverClass -> org.hsqldb.jdbcDriver, factoryClassLocation -> null, forceIgnoreUnresolvedTransactions -> false, identityToken -> 2t7q658s1jvbmpv1a46l6e|60520a66, idleConnectionTestPeriod -> 14400, initialPoolSize -> 10, jdbcUrl -> jdbc:hsqldb:file:mem, maxAdministrativeTaskTime -> 0, maxConnectionAge -> 0, maxIdleTime -> 0, maxIdleTimeExcessConnections -> 0, maxPoolSize -> 100, maxStatements -> 0, maxStatementsPerConnection -> 0, minPoolSize -> 10, numHelperThreads -> 3, numThreadsAwaitingCheckoutDefaultUser -> 0, preferredTestQuery -> null, properties -> {user=******, c3p0.max_statements=0, password=******, c3p0.preferredTestQuery=select 1;, c3p0.max_size=100, c3p0.min_size=10}, propertyCycle -> 0, testConnectionOnCheckin -> false, testConnectionOnCheckout -> false, unreturnedConnectionTimeout -> 0, usesTraditionalReflectiveProxies -> false ]
2013-02-11 15:05:26,598 INFO  org.hibernate.dialect.Dialect - HHH000400: Using dialect: org.hibernate.dialect.HSQLDialect
2013-02-11 15:05:26,600 INFO  org.hibernate.engine.jdbc.internal.LobCreatorBuilder - HHH000424: Disabling contextual LOB creation as createClob() method threw error : java.lang.reflect.InvocationTargetException
2013-02-11 15:05:26,601 INFO  org.hibernate.engine.transaction.internal.TransactionFactoryInitiator - HHH000268: Transaction strategy: org.hibernate.engine.transaction.internal.jdbc.JdbcTransactionFactory
2013-02-11 15:05:26,601 INFO  org.hibernate.hql.internal.ast.ASTQueryTranslatorFactory - HHH000397: Using ASTQueryTranslatorFactory
2013-02-11 15:05:26,614 INFO  org.hibernate.tool.hbm2ddl.SchemaExport - HHH000227: Running hbm2ddl schema export
2013-02-11 15:05:26,617 INFO  org.hibernate.tool.hbm2ddl.SchemaExport - HHH000230: Schema export complete
2013-02-11 15:05:26,662 INFO  org.springframework.web.context.ContextLoader - Root WebApplicationContext: initialization completed in 502 ms
