2013-02-11 13:17:09,497 INFO  org.springframework.web.context.ContextLoader - Root WebApplicationContext: initialization started
2013-02-11 13:17:09,674 INFO  org.springframework.web.context.support.XmlWebApplicationContext - Refreshing Root WebApplicationContext: startup date [Mon Feb 11 13:17:09 EET 2013]; root of context hierarchy
2013-02-11 13:17:09,804 INFO  org.springframework.beans.factory.xml.XmlBeanDefinitionReader - Loading XML bean definitions from class path resource [applicationContext.xml]
2013-02-11 13:17:10,225 INFO  org.springframework.context.annotation.ClassPathBeanDefinitionScanner - JSR-330 'javax.inject.Named' annotation found and supported for component scanning
2013-02-11 13:17:10,747 INFO  org.springframework.beans.factory.annotation.AutowiredAnnotationBeanPostProcessor - JSR-330 'javax.inject.Inject' annotation found and supported for autowiring
2013-02-11 13:17:10,793 INFO  org.springframework.beans.factory.support.DefaultListableBeanFactory - Pre-instantiating singletons in org.springframework.beans.factory.support.DefaultListableBeanFactory@1439a3a1: defining beans [org.springframework.context.config.internalBeanConfigurerAspect,usersDAODatabaseImpl,usersService,org.springframework.context.annotation.internalConfigurationAnnotationProcessor,org.springframework.context.annotation.internalAutowiredAnnotationProcessor,org.springframework.context.annotation.internalRequiredAnnotationProcessor,org.springframework.context.annotation.internalCommonAnnotationProcessor,org.springframework.context.annotation.internalPersistenceAnnotationProcessor,org.springframework.transaction.config.internalTransactionAspect,transactionManager,dataSource,entityManagerFactory,org.springframework.context.annotation.ConfigurationClassPostProcessor$ImportAwareBeanPostProcessor#0]; root of factory hierarchy
2013-02-11 13:17:11,291 INFO  com.mchange.v2.log.MLog - MLog clients using log4j logging.
2013-02-11 13:17:11,550 INFO  com.mchange.v2.c3p0.C3P0Registry - Initializing c3p0-0.9.1.2 [built 21-May-2007 15:04:56; debug? true; trace: 10]
2013-02-11 13:17:12,199 INFO  org.springframework.orm.jpa.LocalContainerEntityManagerFactoryBean - Building JPA container EntityManagerFactory for persistence unit 'persistenceUnit'
2013-02-11 13:17:12,595 INFO  org.hibernate.annotations.common.Version - HCANN000001: Hibernate Commons Annotations {4.0.1.Final}
2013-02-11 13:17:12,617 INFO  org.hibernate.Version - HHH000412: Hibernate Core {4.1.5.SP1}
2013-02-11 13:17:12,630 INFO  org.hibernate.cfg.Environment - HHH000206: hibernate.properties not found
2013-02-11 13:17:12,637 INFO  org.hibernate.cfg.Environment - HHH000021: Bytecode provider name : javassist
2013-02-11 13:17:12,706 INFO  org.hibernate.ejb.Ejb3Configuration - HHH000204: Processing PersistenceUnitInfo [
	name: persistenceUnit
	...]
2013-02-11 13:17:13,309 INFO  org.hibernate.service.jdbc.connections.internal.ConnectionProviderInitiator - HHH000130: Instantiating explicit connection provider: org.hibernate.ejb.connection.InjectedDataSourceConnectionProvider
2013-02-11 13:17:13,638 INFO  com.mchange.v2.c3p0.impl.AbstractPoolBackedDataSource - Initializing c3p0 pool... com.mchange.v2.c3p0.ComboPooledDataSource [ acquireIncrement -> 5, acquireRetryAttempts -> 30, acquireRetryDelay -> 1000, autoCommitOnClose -> false, automaticTestTable -> null, breakAfterAcquireFailure -> false, checkoutTimeout -> 25200, connectionCustomizerClassName -> null, connectionTesterClassName -> com.mchange.v2.c3p0.impl.DefaultConnectionTester, dataSourceName -> apa, debugUnreturnedConnectionStackTraces -> false, description -> null, driverClass -> org.hsqldb.jdbcDriver, factoryClassLocation -> null, forceIgnoreUnresolvedTransactions -> false, identityToken -> 2t7q658s1jrgn741vrhswc|688b97a9, idleConnectionTestPeriod -> 14400, initialPoolSize -> 10, jdbcUrl -> jdbc:hsqldb:file:mem, maxAdministrativeTaskTime -> 0, maxConnectionAge -> 0, maxIdleTime -> 0, maxIdleTimeExcessConnections -> 0, maxPoolSize -> 100, maxStatements -> 0, maxStatementsPerConnection -> 0, minPoolSize -> 10, numHelperThreads -> 3, numThreadsAwaitingCheckoutDefaultUser -> 0, preferredTestQuery -> null, properties -> {user=******, c3p0.max_statements=0, password=******, c3p0.preferredTestQuery=select 1;, c3p0.max_size=100, c3p0.min_size=10}, propertyCycle -> 0, testConnectionOnCheckin -> false, testConnectionOnCheckout -> false, unreturnedConnectionTimeout -> 0, usesTraditionalReflectiveProxies -> false ]
2013-02-11 13:17:14,594 INFO  hsqldb.db.HSQLDB3CC8F617F2.ENGINE - checkpointClose start
2013-02-11 13:17:14,631 INFO  hsqldb.db.HSQLDB3CC8F617F2.ENGINE - checkpointClose end
2013-02-11 13:17:14,787 INFO  org.hibernate.dialect.Dialect - HHH000400: Using dialect: org.hibernate.dialect.HSQLDialect
2013-02-11 13:17:14,819 INFO  org.hibernate.engine.jdbc.internal.LobCreatorBuilder - HHH000424: Disabling contextual LOB creation as createClob() method threw error : java.lang.reflect.InvocationTargetException
2013-02-11 13:17:14,855 INFO  org.hibernate.engine.transaction.internal.TransactionFactoryInitiator - HHH000268: Transaction strategy: org.hibernate.engine.transaction.internal.jdbc.JdbcTransactionFactory
2013-02-11 13:17:14,872 INFO  org.hibernate.hql.internal.ast.ASTQueryTranslatorFactory - HHH000397: Using ASTQueryTranslatorFactory
2013-02-11 13:17:15,460 INFO  org.hibernate.tool.hbm2ddl.SchemaExport - HHH000227: Running hbm2ddl schema export
2013-02-11 13:17:15,488 INFO  org.hibernate.tool.hbm2ddl.SchemaExport - HHH000230: Schema export complete
2013-02-11 13:17:15,789 INFO  org.springframework.web.context.ContextLoader - Root WebApplicationContext: initialization completed in 6288 ms
2013-02-11 13:42:10,937 INFO  org.springframework.web.context.support.XmlWebApplicationContext - Closing Root WebApplicationContext: startup date [Mon Feb 11 13:17:09 EET 2013]; root of context hierarchy
2013-02-11 13:42:10,945 INFO  org.springframework.beans.factory.support.DefaultListableBeanFactory - Destroying singletons in org.springframework.beans.factory.support.DefaultListableBeanFactory@1439a3a1: defining beans [org.springframework.context.config.internalBeanConfigurerAspect,usersDAODatabaseImpl,usersService,org.springframework.context.annotation.internalConfigurationAnnotationProcessor,org.springframework.context.annotation.internalAutowiredAnnotationProcessor,org.springframework.context.annotation.internalRequiredAnnotationProcessor,org.springframework.context.annotation.internalCommonAnnotationProcessor,org.springframework.context.annotation.internalPersistenceAnnotationProcessor,org.springframework.transaction.config.internalTransactionAspect,transactionManager,dataSource,entityManagerFactory,org.springframework.context.annotation.ConfigurationClassPostProcessor$ImportAwareBeanPostProcessor#0]; root of factory hierarchy
2013-02-11 13:42:10,960 INFO  org.springframework.orm.jpa.LocalContainerEntityManagerFactoryBean - Closing JPA EntityManagerFactory for persistence unit 'persistenceUnit'
2013-02-11 14:58:05,523 INFO  org.springframework.web.context.ContextLoader - Root WebApplicationContext: initialization started
2013-02-11 14:58:05,703 INFO  org.springframework.web.context.support.XmlWebApplicationContext - Refreshing Root WebApplicationContext: startup date [Mon Feb 11 14:58:05 EET 2013]; root of context hierarchy
2013-02-11 14:58:05,833 INFO  org.springframework.beans.factory.xml.XmlBeanDefinitionReader - Loading XML bean definitions from class path resource [applicationContext.xml]
2013-02-11 14:58:06,219 INFO  org.springframework.context.annotation.ClassPathBeanDefinitionScanner - JSR-330 'javax.inject.Named' annotation found and supported for component scanning
2013-02-11 14:58:06,723 INFO  org.springframework.beans.factory.annotation.AutowiredAnnotationBeanPostProcessor - JSR-330 'javax.inject.Inject' annotation found and supported for autowiring
2013-02-11 14:58:06,762 INFO  org.springframework.beans.factory.support.DefaultListableBeanFactory - Pre-instantiating singletons in org.springframework.beans.factory.support.DefaultListableBeanFactory@985b952: defining beans [org.springframework.context.config.internalBeanConfigurerAspect,usersDAODatabaseImpl,usersService,org.springframework.context.annotation.internalConfigurationAnnotationProcessor,org.springframework.context.annotation.internalAutowiredAnnotationProcessor,org.springframework.context.annotation.internalRequiredAnnotationProcessor,org.springframework.context.annotation.internalCommonAnnotationProcessor,org.springframework.context.annotation.internalPersistenceAnnotationProcessor,org.springframework.transaction.config.internalTransactionAspect,transactionManager,dataSource,entityManagerFactory,org.springframework.context.annotation.ConfigurationClassPostProcessor$ImportAwareBeanPostProcessor#0]; root of factory hierarchy
2013-02-11 14:58:07,203 INFO  com.mchange.v2.log.MLog - MLog clients using log4j logging.
2013-02-11 14:58:07,453 INFO  com.mchange.v2.c3p0.C3P0Registry - Initializing c3p0-0.9.1.2 [built 21-May-2007 15:04:56; debug? true; trace: 10]
2013-02-11 14:58:08,144 INFO  org.springframework.orm.jpa.LocalContainerEntityManagerFactoryBean - Building JPA container EntityManagerFactory for persistence unit 'persistenceUnit'
2013-02-11 14:58:08,549 INFO  org.hibernate.annotations.common.Version - HCANN000001: Hibernate Commons Annotations {4.0.1.Final}
2013-02-11 14:58:08,575 INFO  org.hibernate.Version - HHH000412: Hibernate Core {4.1.5.SP1}
2013-02-11 14:58:08,592 INFO  org.hibernate.cfg.Environment - HHH000206: hibernate.properties not found
2013-02-11 14:58:08,600 INFO  org.hibernate.cfg.Environment - HHH000021: Bytecode provider name : javassist
2013-02-11 14:58:08,664 INFO  org.hibernate.ejb.Ejb3Configuration - HHH000204: Processing PersistenceUnitInfo [
	name: persistenceUnit
	...]
2013-02-11 14:58:09,349 INFO  org.hibernate.service.jdbc.connections.internal.ConnectionProviderInitiator - HHH000130: Instantiating explicit connection provider: org.hibernate.ejb.connection.InjectedDataSourceConnectionProvider
2013-02-11 14:58:09,574 INFO  com.mchange.v2.c3p0.impl.AbstractPoolBackedDataSource - Initializing c3p0 pool... com.mchange.v2.c3p0.ComboPooledDataSource [ acquireIncrement -> 5, acquireRetryAttempts -> 30, acquireRetryDelay -> 1000, autoCommitOnClose -> false, automaticTestTable -> null, breakAfterAcquireFailure -> false, checkoutTimeout -> 25200, connectionCustomizerClassName -> null, connectionTesterClassName -> com.mchange.v2.c3p0.impl.DefaultConnectionTester, dataSourceName -> apa, debugUnreturnedConnectionStackTraces -> false, description -> null, driverClass -> org.hsqldb.jdbcDriver, factoryClassLocation -> null, forceIgnoreUnresolvedTransactions -> false, identityToken -> 2t7q658s1jv2fyhwngd4j|77f175dc, idleConnectionTestPeriod -> 14400, initialPoolSize -> 10, jdbcUrl -> jdbc:hsqldb:file:mem, maxAdministrativeTaskTime -> 0, maxConnectionAge -> 0, maxIdleTime -> 0, maxIdleTimeExcessConnections -> 0, maxPoolSize -> 100, maxStatements -> 0, maxStatementsPerConnection -> 0, minPoolSize -> 10, numHelperThreads -> 3, numThreadsAwaitingCheckoutDefaultUser -> 0, preferredTestQuery -> null, properties -> {user=******, c3p0.max_statements=0, password=******, c3p0.preferredTestQuery=select 1;, c3p0.max_size=100, c3p0.min_size=10}, propertyCycle -> 0, testConnectionOnCheckin -> false, testConnectionOnCheckout -> false, unreturnedConnectionTimeout -> 0, usesTraditionalReflectiveProxies -> false ]
2013-02-11 14:58:10,516 INFO  hsqldb.db.HSQLDB3CC8F617F2.ENGINE - checkpointClose start
2013-02-11 14:58:10,552 INFO  hsqldb.db.HSQLDB3CC8F617F2.ENGINE - checkpointClose end
2013-02-11 14:58:10,700 INFO  org.hibernate.dialect.Dialect - HHH000400: Using dialect: org.hibernate.dialect.HSQLDialect
2013-02-11 14:58:10,728 INFO  org.hibernate.engine.jdbc.internal.LobCreatorBuilder - HHH000424: Disabling contextual LOB creation as createClob() method threw error : java.lang.reflect.InvocationTargetException
2013-02-11 14:58:10,770 INFO  org.hibernate.engine.transaction.internal.TransactionFactoryInitiator - HHH000268: Transaction strategy: org.hibernate.engine.transaction.internal.jdbc.JdbcTransactionFactory
2013-02-11 14:58:10,787 INFO  org.hibernate.hql.internal.ast.ASTQueryTranslatorFactory - HHH000397: Using ASTQueryTranslatorFactory
2013-02-11 14:58:11,353 INFO  org.hibernate.tool.hbm2ddl.SchemaExport - HHH000227: Running hbm2ddl schema export
2013-02-11 14:58:11,378 INFO  org.hibernate.tool.hbm2ddl.SchemaExport - HHH000230: Schema export complete
2013-02-11 14:58:11,649 INFO  org.springframework.web.context.ContextLoader - Root WebApplicationContext: initialization completed in 6121 ms
2013-02-11 15:00:51,840 INFO  org.springframework.web.context.support.XmlWebApplicationContext - Closing Root WebApplicationContext: startup date [Mon Feb 11 14:58:05 EET 2013]; root of context hierarchy
2013-02-11 15:00:51,848 INFO  org.springframework.beans.factory.support.DefaultListableBeanFactory - Destroying singletons in org.springframework.beans.factory.support.DefaultListableBeanFactory@985b952: defining beans [org.springframework.context.config.internalBeanConfigurerAspect,usersDAODatabaseImpl,usersService,org.springframework.context.annotation.internalConfigurationAnnotationProcessor,org.springframework.context.annotation.internalAutowiredAnnotationProcessor,org.springframework.context.annotation.internalRequiredAnnotationProcessor,org.springframework.context.annotation.internalCommonAnnotationProcessor,org.springframework.context.annotation.internalPersistenceAnnotationProcessor,org.springframework.transaction.config.internalTransactionAspect,transactionManager,dataSource,entityManagerFactory,org.springframework.context.annotation.ConfigurationClassPostProcessor$ImportAwareBeanPostProcessor#0]; root of factory hierarchy
2013-02-11 15:00:51,862 INFO  org.springframework.orm.jpa.LocalContainerEntityManagerFactoryBean - Closing JPA EntityManagerFactory for persistence unit 'persistenceUnit'
2013-02-11 15:01:18,389 INFO  org.springframework.web.context.ContextLoader - Root WebApplicationContext: initialization started
2013-02-11 15:01:18,562 INFO  org.springframework.web.context.support.XmlWebApplicationContext - Refreshing Root WebApplicationContext: startup date [Mon Feb 11 15:01:18 EET 2013]; root of context hierarchy
2013-02-11 15:01:18,705 INFO  org.springframework.beans.factory.xml.XmlBeanDefinitionReader - Loading XML bean definitions from class path resource [applicationContext.xml]
2013-02-11 15:01:19,076 INFO  org.springframework.context.annotation.ClassPathBeanDefinitionScanner - JSR-330 'javax.inject.Named' annotation found and supported for component scanning
2013-02-11 15:01:19,582 INFO  org.springframework.beans.factory.annotation.AutowiredAnnotationBeanPostProcessor - JSR-330 'javax.inject.Inject' annotation found and supported for autowiring
2013-02-11 15:01:19,626 INFO  org.springframework.beans.factory.support.DefaultListableBeanFactory - Pre-instantiating singletons in org.springframework.beans.factory.support.DefaultListableBeanFactory@12a16008: defining beans [org.springframework.context.config.internalBeanConfigurerAspect,usersDAODatabaseImpl,usersService,org.springframework.context.annotation.internalConfigurationAnnotationProcessor,org.springframework.context.annotation.internalAutowiredAnnotationProcessor,org.springframework.context.annotation.internalRequiredAnnotationProcessor,org.springframework.context.annotation.internalCommonAnnotationProcessor,org.springframework.context.annotation.internalPersistenceAnnotationProcessor,org.springframework.transaction.config.internalTransactionAspect,transactionManager,dataSource,entityManagerFactory,org.springframework.context.annotation.ConfigurationClassPostProcessor$ImportAwareBeanPostProcessor#0]; root of factory hierarchy
2013-02-11 15:01:20,061 INFO  com.mchange.v2.log.MLog - MLog clients using log4j logging.
2013-02-11 15:01:20,322 INFO  com.mchange.v2.c3p0.C3P0Registry - Initializing c3p0-0.9.1.2 [built 21-May-2007 15:04:56; debug? true; trace: 10]
2013-02-11 15:01:21,013 INFO  org.springframework.orm.jpa.LocalContainerEntityManagerFactoryBean - Building JPA container EntityManagerFactory for persistence unit 'persistenceUnit'
2013-02-11 15:01:21,471 INFO  org.hibernate.annotations.common.Version - HCANN000001: Hibernate Commons Annotations {4.0.1.Final}
2013-02-11 15:01:21,492 INFO  org.hibernate.Version - HHH000412: Hibernate Core {4.1.5.SP1}
2013-02-11 15:01:21,505 INFO  org.hibernate.cfg.Environment - HHH000206: hibernate.properties not found
2013-02-11 15:01:21,511 INFO  org.hibernate.cfg.Environment - HHH000021: Bytecode provider name : javassist
2013-02-11 15:01:21,573 INFO  org.hibernate.ejb.Ejb3Configuration - HHH000204: Processing PersistenceUnitInfo [
	name: persistenceUnit
	...]
2013-02-11 15:01:22,257 INFO  org.hibernate.service.jdbc.connections.internal.ConnectionProviderInitiator - HHH000130: Instantiating explicit connection provider: org.hibernate.ejb.connection.InjectedDataSourceConnectionProvider
2013-02-11 15:01:22,471 INFO  com.mchange.v2.c3p0.impl.AbstractPoolBackedDataSource - Initializing c3p0 pool... com.mchange.v2.c3p0.ComboPooledDataSource [ acquireIncrement -> 5, acquireRetryAttempts -> 30, acquireRetryDelay -> 1000, autoCommitOnClose -> false, automaticTestTable -> null, breakAfterAcquireFailure -> false, checkoutTimeout -> 25200, connectionCustomizerClassName -> null, connectionTesterClassName -> com.mchange.v2.c3p0.impl.DefaultConnectionTester, dataSourceName -> apa, debugUnreturnedConnectionStackTraces -> false, description -> null, driverClass -> org.hsqldb.jdbcDriver, factoryClassLocation -> null, forceIgnoreUnresolvedTransactions -> false, identityToken -> 2t7q658s1jv6kru1b8n3nu|3be38bbf, idleConnectionTestPeriod -> 14400, initialPoolSize -> 10, jdbcUrl -> jdbc:hsqldb:file:mem, maxAdministrativeTaskTime -> 0, maxConnectionAge -> 0, maxIdleTime -> 0, maxIdleTimeExcessConnections -> 0, maxPoolSize -> 100, maxStatements -> 0, maxStatementsPerConnection -> 0, minPoolSize -> 10, numHelperThreads -> 3, numThreadsAwaitingCheckoutDefaultUser -> 0, preferredTestQuery -> null, properties -> {user=******, c3p0.max_statements=0, password=******, c3p0.preferredTestQuery=select 1;, c3p0.max_size=100, c3p0.min_size=10}, propertyCycle -> 0, testConnectionOnCheckin -> false, testConnectionOnCheckout -> false, unreturnedConnectionTimeout -> 0, usesTraditionalReflectiveProxies -> false ]
2013-02-11 15:01:23,437 INFO  hsqldb.db.HSQLDB3CC8F617F2.ENGINE - checkpointClose start
2013-02-11 15:01:23,473 INFO  hsqldb.db.HSQLDB3CC8F617F2.ENGINE - checkpointClose end
2013-02-11 15:01:23,621 INFO  org.hibernate.dialect.Dialect - HHH000400: Using dialect: org.hibernate.dialect.HSQLDialect
2013-02-11 15:01:23,650 INFO  org.hibernate.engine.jdbc.internal.LobCreatorBuilder - HHH000424: Disabling contextual LOB creation as createClob() method threw error : java.lang.reflect.InvocationTargetException
2013-02-11 15:01:23,684 INFO  org.hibernate.engine.transaction.internal.TransactionFactoryInitiator - HHH000268: Transaction strategy: org.hibernate.engine.transaction.internal.jdbc.JdbcTransactionFactory
2013-02-11 15:01:23,703 INFO  org.hibernate.hql.internal.ast.ASTQueryTranslatorFactory - HHH000397: Using ASTQueryTranslatorFactory
2013-02-11 15:01:24,276 INFO  org.hibernate.tool.hbm2ddl.SchemaExport - HHH000227: Running hbm2ddl schema export
2013-02-11 15:01:24,300 INFO  org.hibernate.tool.hbm2ddl.SchemaExport - HHH000230: Schema export complete
2013-02-11 15:01:24,569 INFO  org.springframework.web.context.ContextLoader - Root WebApplicationContext: initialization completed in 6177 ms
2013-02-11 15:02:24,995 INFO  org.springframework.web.context.support.XmlWebApplicationContext - Closing Root WebApplicationContext: startup date [Mon Feb 11 15:01:18 EET 2013]; root of context hierarchy
2013-02-11 15:02:25,002 INFO  org.springframework.beans.factory.support.DefaultListableBeanFactory - Destroying singletons in org.springframework.beans.factory.support.DefaultListableBeanFactory@12a16008: defining beans [org.springframework.context.config.internalBeanConfigurerAspect,usersDAODatabaseImpl,usersService,org.springframework.context.annotation.internalConfigurationAnnotationProcessor,org.springframework.context.annotation.internalAutowiredAnnotationProcessor,org.springframework.context.annotation.internalRequiredAnnotationProcessor,org.springframework.context.annotation.internalCommonAnnotationProcessor,org.springframework.context.annotation.internalPersistenceAnnotationProcessor,org.springframework.transaction.config.internalTransactionAspect,transactionManager,dataSource,entityManagerFactory,org.springframework.context.annotation.ConfigurationClassPostProcessor$ImportAwareBeanPostProcessor#0]; root of factory hierarchy
2013-02-11 15:02:25,016 INFO  org.springframework.orm.jpa.LocalContainerEntityManagerFactoryBean - Closing JPA EntityManagerFactory for persistence unit 'persistenceUnit'
2013-02-11 15:02:49,478 INFO  org.springframework.web.context.ContextLoader - Root WebApplicationContext: initialization started
2013-02-11 15:02:49,654 INFO  org.springframework.web.context.support.XmlWebApplicationContext - Refreshing Root WebApplicationContext: startup date [Mon Feb 11 15:02:49 EET 2013]; root of context hierarchy
2013-02-11 15:02:49,782 INFO  org.springframework.beans.factory.xml.XmlBeanDefinitionReader - Loading XML bean definitions from class path resource [applicationContext.xml]
2013-02-11 15:02:50,167 INFO  org.springframework.context.annotation.ClassPathBeanDefinitionScanner - JSR-330 'javax.inject.Named' annotation found and supported for component scanning
2013-02-11 15:02:50,708 INFO  org.springframework.beans.factory.annotation.AutowiredAnnotationBeanPostProcessor - JSR-330 'javax.inject.Inject' annotation found and supported for autowiring
2013-02-11 15:02:50,744 INFO  org.springframework.beans.factory.support.DefaultListableBeanFactory - Pre-instantiating singletons in org.springframework.beans.factory.support.DefaultListableBeanFactory@22503e0e: defining beans [org.springframework.context.config.internalBeanConfigurerAspect,usersDAODatabaseImpl,usersService,org.springframework.context.annotation.internalConfigurationAnnotationProcessor,org.springframework.context.annotation.internalAutowiredAnnotationProcessor,org.springframework.context.annotation.internalRequiredAnnotationProcessor,org.springframework.context.annotation.internalCommonAnnotationProcessor,org.springframework.context.annotation.internalPersistenceAnnotationProcessor,org.springframework.transaction.config.internalTransactionAspect,transactionManager,dataSource,entityManagerFactory,org.springframework.context.annotation.ConfigurationClassPostProcessor$ImportAwareBeanPostProcessor#0]; root of factory hierarchy
2013-02-11 15:02:51,179 INFO  com.mchange.v2.log.MLog - MLog clients using log4j logging.
2013-02-11 15:02:51,426 INFO  com.mchange.v2.c3p0.C3P0Registry - Initializing c3p0-0.9.1.2 [built 21-May-2007 15:04:56; debug? true; trace: 10]
2013-02-11 15:02:52,095 INFO  org.springframework.orm.jpa.LocalContainerEntityManagerFactoryBean - Building JPA container EntityManagerFactory for persistence unit 'persistenceUnit'
2013-02-11 15:02:52,513 INFO  org.hibernate.annotations.common.Version - HCANN000001: Hibernate Commons Annotations {4.0.1.Final}
2013-02-11 15:02:52,537 INFO  org.hibernate.Version - HHH000412: Hibernate Core {4.1.5.SP1}
2013-02-11 15:02:52,549 INFO  org.hibernate.cfg.Environment - HHH000206: hibernate.properties not found
2013-02-11 15:02:52,555 INFO  org.hibernate.cfg.Environment - HHH000021: Bytecode provider name : javassist
2013-02-11 15:02:52,620 INFO  org.hibernate.ejb.Ejb3Configuration - HHH000204: Processing PersistenceUnitInfo [
	name: persistenceUnit
	...]
2013-02-11 15:02:53,318 INFO  org.hibernate.service.jdbc.connections.internal.ConnectionProviderInitiator - HHH000130: Instantiating explicit connection provider: org.hibernate.ejb.connection.InjectedDataSourceConnectionProvider
2013-02-11 15:02:53,538 INFO  com.mchange.v2.c3p0.impl.AbstractPoolBackedDataSource - Initializing c3p0 pool... com.mchange.v2.c3p0.ComboPooledDataSource [ acquireIncrement -> 5, acquireRetryAttempts -> 30, acquireRetryDelay -> 1000, autoCommitOnClose -> false, automaticTestTable -> null, breakAfterAcquireFailure -> false, checkoutTimeout -> 25200, connectionCustomizerClassName -> null, connectionTesterClassName -> com.mchange.v2.c3p0.impl.DefaultConnectionTester, dataSourceName -> apa, debugUnreturnedConnectionStackTraces -> false, description -> null, driverClass -> org.hsqldb.jdbcDriver, factoryClassLocation -> null, forceIgnoreUnresolvedTransactions -> false, identityToken -> 2t7q658s1jv8j2r1xud4nw|31a70984, idleConnectionTestPeriod -> 14400, initialPoolSize -> 10, jdbcUrl -> jdbc:hsqldb:file:mem, maxAdministrativeTaskTime -> 0, maxConnectionAge -> 0, maxIdleTime -> 0, maxIdleTimeExcessConnections -> 0, maxPoolSize -> 100, maxStatements -> 0, maxStatementsPerConnection -> 0, minPoolSize -> 10, numHelperThreads -> 3, numThreadsAwaitingCheckoutDefaultUser -> 0, preferredTestQuery -> null, properties -> {user=******, c3p0.max_statements=0, password=******, c3p0.preferredTestQuery=select 1;, c3p0.max_size=100, c3p0.min_size=10}, propertyCycle -> 0, testConnectionOnCheckin -> false, testConnectionOnCheckout -> false, unreturnedConnectionTimeout -> 0, usesTraditionalReflectiveProxies -> false ]
2013-02-11 15:02:54,443 INFO  hsqldb.db.HSQLDB3CC8F617F2.ENGINE - checkpointClose start
2013-02-11 15:02:54,484 INFO  hsqldb.db.HSQLDB3CC8F617F2.ENGINE - checkpointClose end
2013-02-11 15:02:54,630 INFO  org.hibernate.dialect.Dialect - HHH000400: Using dialect: org.hibernate.dialect.HSQLDialect
2013-02-11 15:02:54,660 INFO  org.hibernate.engine.jdbc.internal.LobCreatorBuilder - HHH000424: Disabling contextual LOB creation as createClob() method threw error : java.lang.reflect.InvocationTargetException
2013-02-11 15:02:54,693 INFO  org.hibernate.engine.transaction.internal.TransactionFactoryInitiator - HHH000268: Transaction strategy: org.hibernate.engine.transaction.internal.jdbc.JdbcTransactionFactory
2013-02-11 15:02:54,711 INFO  org.hibernate.hql.internal.ast.ASTQueryTranslatorFactory - HHH000397: Using ASTQueryTranslatorFactory
2013-02-11 15:02:55,317 INFO  org.hibernate.tool.hbm2ddl.SchemaExport - HHH000227: Running hbm2ddl schema export
2013-02-11 15:02:55,343 INFO  org.hibernate.tool.hbm2ddl.SchemaExport - HHH000230: Schema export complete
2013-02-11 15:02:55,616 INFO  org.springframework.web.context.ContextLoader - Root WebApplicationContext: initialization completed in 6135 ms
2013-02-11 15:04:44,119 INFO  org.springframework.web.context.support.XmlWebApplicationContext - Closing Root WebApplicationContext: startup date [Mon Feb 11 15:02:49 EET 2013]; root of context hierarchy
2013-02-11 15:04:44,125 INFO  org.springframework.beans.factory.support.DefaultListableBeanFactory - Destroying singletons in org.springframework.beans.factory.support.DefaultListableBeanFactory@22503e0e: defining beans [org.springframework.context.config.internalBeanConfigurerAspect,usersDAODatabaseImpl,usersService,org.springframework.context.annotation.internalConfigurationAnnotationProcessor,org.springframework.context.annotation.internalAutowiredAnnotationProcessor,org.springframework.context.annotation.internalRequiredAnnotationProcessor,org.springframework.context.annotation.internalCommonAnnotationProcessor,org.springframework.context.annotation.internalPersistenceAnnotationProcessor,org.springframework.transaction.config.internalTransactionAspect,transactionManager,dataSource,entityManagerFactory,org.springframework.context.annotation.ConfigurationClassPostProcessor$ImportAwareBeanPostProcessor#0]; root of factory hierarchy
2013-02-11 15:04:44,140 INFO  org.springframework.orm.jpa.LocalContainerEntityManagerFactoryBean - Closing JPA EntityManagerFactory for persistence unit 'persistenceUnit'
2013-02-11 15:05:57,343 INFO  org.springframework.web.context.ContextLoader - Root WebApplicationContext: initialization started
2013-02-11 15:05:57,523 INFO  org.springframework.web.context.support.XmlWebApplicationContext - Refreshing Root WebApplicationContext: startup date [Mon Feb 11 15:05:57 EET 2013]; root of context hierarchy
2013-02-11 15:05:57,665 INFO  org.springframework.beans.factory.xml.XmlBeanDefinitionReader - Loading XML bean definitions from class path resource [applicationContext.xml]
2013-02-11 15:05:58,104 INFO  org.springframework.context.annotation.ClassPathBeanDefinitionScanner - JSR-330 'javax.inject.Named' annotation found and supported for component scanning
2013-02-11 15:05:58,657 INFO  org.springframework.beans.factory.annotation.AutowiredAnnotationBeanPostProcessor - JSR-330 'javax.inject.Inject' annotation found and supported for autowiring
2013-02-11 15:05:58,692 INFO  org.springframework.beans.factory.support.DefaultListableBeanFactory - Pre-instantiating singletons in org.springframework.beans.factory.support.DefaultListableBeanFactory@53fafc0d: defining beans [org.springframework.context.config.internalBeanConfigurerAspect,usersDAODatabaseImpl,usersService,org.springframework.context.annotation.internalConfigurationAnnotationProcessor,org.springframework.context.annotation.internalAutowiredAnnotationProcessor,org.springframework.context.annotation.internalRequiredAnnotationProcessor,org.springframework.context.annotation.internalCommonAnnotationProcessor,org.springframework.context.annotation.internalPersistenceAnnotationProcessor,org.springframework.transaction.config.internalTransactionAspect,transactionManager,dataSource,entityManagerFactory,org.springframework.context.annotation.ConfigurationClassPostProcessor$ImportAwareBeanPostProcessor#0]; root of factory hierarchy
2013-02-11 15:05:59,159 INFO  com.mchange.v2.log.MLog - MLog clients using log4j logging.
2013-02-11 15:05:59,451 INFO  com.mchange.v2.c3p0.C3P0Registry - Initializing c3p0-0.9.1.2 [built 21-May-2007 15:04:56; debug? true; trace: 10]
2013-02-11 15:06:00,150 INFO  org.springframework.orm.jpa.LocalContainerEntityManagerFactoryBean - Building JPA container EntityManagerFactory for persistence unit 'persistenceUnit'
2013-02-11 15:06:00,601 INFO  org.hibernate.annotations.common.Version - HCANN000001: Hibernate Commons Annotations {4.0.1.Final}
2013-02-11 15:06:00,626 INFO  org.hibernate.Version - HHH000412: Hibernate Core {4.1.5.SP1}
2013-02-11 15:06:00,638 INFO  org.hibernate.cfg.Environment - HHH000206: hibernate.properties not found
2013-02-11 15:06:00,645 INFO  org.hibernate.cfg.Environment - HHH000021: Bytecode provider name : javassist
2013-02-11 15:06:00,715 INFO  org.hibernate.ejb.Ejb3Configuration - HHH000204: Processing PersistenceUnitInfo [
	name: persistenceUnit
	...]
2013-02-11 15:06:01,410 INFO  org.hibernate.service.jdbc.connections.internal.ConnectionProviderInitiator - HHH000130: Instantiating explicit connection provider: org.hibernate.ejb.connection.InjectedDataSourceConnectionProvider
2013-02-11 15:06:01,633 INFO  com.mchange.v2.c3p0.impl.AbstractPoolBackedDataSource - Initializing c3p0 pool... com.mchange.v2.c3p0.ComboPooledDataSource [ acquireIncrement -> 5, acquireRetryAttempts -> 30, acquireRetryDelay -> 1000, autoCommitOnClose -> false, automaticTestTable -> null, breakAfterAcquireFailure -> false, checkoutTimeout -> 25200, connectionCustomizerClassName -> null, connectionTesterClassName -> com.mchange.v2.c3p0.impl.DefaultConnectionTester, dataSourceName -> apa, debugUnreturnedConnectionStackTraces -> false, description -> null, driverClass -> org.hsqldb.jdbcDriver, factoryClassLocation -> null, forceIgnoreUnresolvedTransactions -> false, identityToken -> 2t7q658s1jvck574fzoe8|35cf862d, idleConnectionTestPeriod -> 14400, initialPoolSize -> 10, jdbcUrl -> jdbc:hsqldb:file:mem, maxAdministrativeTaskTime -> 0, maxConnectionAge -> 0, maxIdleTime -> 0, maxIdleTimeExcessConnections -> 0, maxPoolSize -> 100, maxStatements -> 0, maxStatementsPerConnection -> 0, minPoolSize -> 10, numHelperThreads -> 3, numThreadsAwaitingCheckoutDefaultUser -> 0, preferredTestQuery -> null, properties -> {user=******, c3p0.max_statements=0, password=******, c3p0.preferredTestQuery=select 1;, c3p0.max_size=100, c3p0.min_size=10}, propertyCycle -> 0, testConnectionOnCheckin -> false, testConnectionOnCheckout -> false, unreturnedConnectionTimeout -> 0, usesTraditionalReflectiveProxies -> false ]
2013-02-11 15:06:02,569 INFO  hsqldb.db.HSQLDB3CC8F617F2.ENGINE - checkpointClose start
2013-02-11 15:06:02,604 INFO  hsqldb.db.HSQLDB3CC8F617F2.ENGINE - checkpointClose end
2013-02-11 15:06:02,763 INFO  org.hibernate.dialect.Dialect - HHH000400: Using dialect: org.hibernate.dialect.HSQLDialect
2013-02-11 15:06:02,788 INFO  org.hibernate.engine.jdbc.internal.LobCreatorBuilder - HHH000424: Disabling contextual LOB creation as createClob() method threw error : java.lang.reflect.InvocationTargetException
2013-02-11 15:06:02,819 INFO  org.hibernate.engine.transaction.internal.TransactionFactoryInitiator - HHH000268: Transaction strategy: org.hibernate.engine.transaction.internal.jdbc.JdbcTransactionFactory
2013-02-11 15:06:02,836 INFO  org.hibernate.hql.internal.ast.ASTQueryTranslatorFactory - HHH000397: Using ASTQueryTranslatorFactory
2013-02-11 15:06:03,459 INFO  org.hibernate.tool.hbm2ddl.SchemaExport - HHH000227: Running hbm2ddl schema export
2013-02-11 15:06:03,485 INFO  org.hibernate.tool.hbm2ddl.SchemaExport - HHH000230: Schema export complete
2013-02-11 15:06:03,770 INFO  org.springframework.web.context.ContextLoader - Root WebApplicationContext: initialization completed in 6424 ms
2013-02-11 15:11:29,971 INFO  org.springframework.web.context.support.XmlWebApplicationContext - Closing Root WebApplicationContext: startup date [Mon Feb 11 15:05:57 EET 2013]; root of context hierarchy
2013-02-11 15:11:29,978 INFO  org.springframework.beans.factory.support.DefaultListableBeanFactory - Destroying singletons in org.springframework.beans.factory.support.DefaultListableBeanFactory@53fafc0d: defining beans [org.springframework.context.config.internalBeanConfigurerAspect,usersDAODatabaseImpl,usersService,org.springframework.context.annotation.internalConfigurationAnnotationProcessor,org.springframework.context.annotation.internalAutowiredAnnotationProcessor,org.springframework.context.annotation.internalRequiredAnnotationProcessor,org.springframework.context.annotation.internalCommonAnnotationProcessor,org.springframework.context.annotation.internalPersistenceAnnotationProcessor,org.springframework.transaction.config.internalTransactionAspect,transactionManager,dataSource,entityManagerFactory,org.springframework.context.annotation.ConfigurationClassPostProcessor$ImportAwareBeanPostProcessor#0]; root of factory hierarchy
2013-02-11 15:11:29,993 INFO  org.springframework.orm.jpa.LocalContainerEntityManagerFactoryBean - Closing JPA EntityManagerFactory for persistence unit 'persistenceUnit'
2013-02-11 15:11:54,407 INFO  org.springframework.web.context.ContextLoader - Root WebApplicationContext: initialization started
2013-02-11 15:11:54,582 INFO  org.springframework.web.context.support.XmlWebApplicationContext - Refreshing Root WebApplicationContext: startup date [Mon Feb 11 15:11:54 EET 2013]; root of context hierarchy
2013-02-11 15:11:54,713 INFO  org.springframework.beans.factory.xml.XmlBeanDefinitionReader - Loading XML bean definitions from class path resource [applicationContext.xml]
2013-02-11 15:11:55,114 INFO  org.springframework.context.annotation.ClassPathBeanDefinitionScanner - JSR-330 'javax.inject.Named' annotation found and supported for component scanning
2013-02-11 15:11:55,645 INFO  org.springframework.beans.factory.annotation.AutowiredAnnotationBeanPostProcessor - JSR-330 'javax.inject.Inject' annotation found and supported for autowiring
2013-02-11 15:11:55,686 INFO  org.springframework.beans.factory.support.DefaultListableBeanFactory - Pre-instantiating singletons in org.springframework.beans.factory.support.DefaultListableBeanFactory@2a49bb60: defining beans [org.springframework.context.config.internalBeanConfigurerAspect,usersDAODatabaseImpl,usersService,org.springframework.context.annotation.internalConfigurationAnnotationProcessor,org.springframework.context.annotation.internalAutowiredAnnotationProcessor,org.springframework.context.annotation.internalRequiredAnnotationProcessor,org.springframework.context.annotation.internalCommonAnnotationProcessor,org.springframework.context.annotation.internalPersistenceAnnotationProcessor,org.springframework.transaction.config.internalTransactionAspect,transactionManager,dataSource,entityManagerFactory,org.springframework.context.annotation.ConfigurationClassPostProcessor$ImportAwareBeanPostProcessor#0]; root of factory hierarchy
2013-02-11 15:11:56,115 INFO  com.mchange.v2.log.MLog - MLog clients using log4j logging.
2013-02-11 15:11:56,364 INFO  com.mchange.v2.c3p0.C3P0Registry - Initializing c3p0-0.9.1.2 [built 21-May-2007 15:04:56; debug? true; trace: 10]
2013-02-11 15:11:57,054 INFO  org.springframework.orm.jpa.LocalContainerEntityManagerFactoryBean - Building JPA container EntityManagerFactory for persistence unit 'persistenceUnit'
2013-02-11 15:11:57,485 INFO  org.hibernate.annotations.common.Version - HCANN000001: Hibernate Commons Annotations {4.0.1.Final}
2013-02-11 15:11:57,508 INFO  org.hibernate.Version - HHH000412: Hibernate Core {4.1.5.SP1}
2013-02-11 15:11:57,520 INFO  org.hibernate.cfg.Environment - HHH000206: hibernate.properties not found
2013-02-11 15:11:57,528 INFO  org.hibernate.cfg.Environment - HHH000021: Bytecode provider name : javassist
2013-02-11 15:11:57,593 INFO  org.hibernate.ejb.Ejb3Configuration - HHH000204: Processing PersistenceUnitInfo [
	name: persistenceUnit
	...]
2013-02-11 15:11:58,254 INFO  org.hibernate.service.jdbc.connections.internal.ConnectionProviderInitiator - HHH000130: Instantiating explicit connection provider: org.hibernate.ejb.connection.InjectedDataSourceConnectionProvider
2013-02-11 15:11:58,478 INFO  com.mchange.v2.c3p0.impl.AbstractPoolBackedDataSource - Initializing c3p0 pool... com.mchange.v2.c3p0.ComboPooledDataSource [ acquireIncrement -> 5, acquireRetryAttempts -> 30, acquireRetryDelay -> 1000, autoCommitOnClose -> false, automaticTestTable -> null, breakAfterAcquireFailure -> false, checkoutTimeout -> 25200, connectionCustomizerClassName -> null, connectionTesterClassName -> com.mchange.v2.c3p0.impl.DefaultConnectionTester, dataSourceName -> apa, debugUnreturnedConnectionStackTraces -> false, description -> null, driverClass -> org.hsqldb.jdbcDriver, factoryClassLocation -> null, forceIgnoreUnresolvedTransactions -> false, identityToken -> 2t7q658s1jvk7ju1qyhn5r|d70fc09, idleConnectionTestPeriod -> 14400, initialPoolSize -> 10, jdbcUrl -> jdbc:hsqldb:file:mem, maxAdministrativeTaskTime -> 0, maxConnectionAge -> 0, maxIdleTime -> 0, maxIdleTimeExcessConnections -> 0, maxPoolSize -> 100, maxStatements -> 0, maxStatementsPerConnection -> 0, minPoolSize -> 10, numHelperThreads -> 3, numThreadsAwaitingCheckoutDefaultUser -> 0, preferredTestQuery -> null, properties -> {user=******, c3p0.max_statements=0, password=******, c3p0.preferredTestQuery=select 1;, c3p0.max_size=100, c3p0.min_size=10}, propertyCycle -> 0, testConnectionOnCheckin -> false, testConnectionOnCheckout -> false, unreturnedConnectionTimeout -> 0, usesTraditionalReflectiveProxies -> false ]
2013-02-11 15:11:59,422 INFO  hsqldb.db.HSQLDB3CC8F617F2.ENGINE - checkpointClose start
2013-02-11 15:11:59,460 INFO  hsqldb.db.HSQLDB3CC8F617F2.ENGINE - checkpointClose end
2013-02-11 15:11:59,602 INFO  org.hibernate.dialect.Dialect - HHH000400: Using dialect: org.hibernate.dialect.HSQLDialect
2013-02-11 15:11:59,631 INFO  org.hibernate.engine.jdbc.internal.LobCreatorBuilder - HHH000424: Disabling contextual LOB creation as createClob() method threw error : java.lang.reflect.InvocationTargetException
2013-02-11 15:11:59,664 INFO  org.hibernate.engine.transaction.internal.TransactionFactoryInitiator - HHH000268: Transaction strategy: org.hibernate.engine.transaction.internal.jdbc.JdbcTransactionFactory
2013-02-11 15:11:59,681 INFO  org.hibernate.hql.internal.ast.ASTQueryTranslatorFactory - HHH000397: Using ASTQueryTranslatorFactory
2013-02-11 15:12:00,269 INFO  org.hibernate.tool.hbm2ddl.SchemaExport - HHH000227: Running hbm2ddl schema export
2013-02-11 15:12:00,294 INFO  org.hibernate.tool.hbm2ddl.SchemaExport - HHH000230: Schema export complete
2013-02-11 15:12:00,559 INFO  org.springframework.web.context.ContextLoader - Root WebApplicationContext: initialization completed in 6149 ms
2013-02-11 15:12:35,398 INFO  org.springframework.web.context.support.XmlWebApplicationContext - Closing Root WebApplicationContext: startup date [Mon Feb 11 15:11:54 EET 2013]; root of context hierarchy
2013-02-11 15:12:35,405 INFO  org.springframework.beans.factory.support.DefaultListableBeanFactory - Destroying singletons in org.springframework.beans.factory.support.DefaultListableBeanFactory@2a49bb60: defining beans [org.springframework.context.config.internalBeanConfigurerAspect,usersDAODatabaseImpl,usersService,org.springframework.context.annotation.internalConfigurationAnnotationProcessor,org.springframework.context.annotation.internalAutowiredAnnotationProcessor,org.springframework.context.annotation.internalRequiredAnnotationProcessor,org.springframework.context.annotation.internalCommonAnnotationProcessor,org.springframework.context.annotation.internalPersistenceAnnotationProcessor,org.springframework.transaction.config.internalTransactionAspect,transactionManager,dataSource,entityManagerFactory,org.springframework.context.annotation.ConfigurationClassPostProcessor$ImportAwareBeanPostProcessor#0]; root of factory hierarchy
2013-02-11 15:12:35,421 INFO  org.springframework.orm.jpa.LocalContainerEntityManagerFactoryBean - Closing JPA EntityManagerFactory for persistence unit 'persistenceUnit'
2013-02-11 15:12:59,811 INFO  org.springframework.web.context.ContextLoader - Root WebApplicationContext: initialization started
2013-02-11 15:12:59,997 INFO  org.springframework.web.context.support.XmlWebApplicationContext - Refreshing Root WebApplicationContext: startup date [Mon Feb 11 15:12:59 EET 2013]; root of context hierarchy
2013-02-11 15:13:00,124 INFO  org.springframework.beans.factory.xml.XmlBeanDefinitionReader - Loading XML bean definitions from class path resource [applicationContext.xml]
2013-02-11 15:13:00,572 INFO  org.springframework.context.annotation.ClassPathBeanDefinitionScanner - JSR-330 'javax.inject.Named' annotation found and supported for component scanning
2013-02-11 15:13:01,206 INFO  org.springframework.beans.factory.annotation.AutowiredAnnotationBeanPostProcessor - JSR-330 'javax.inject.Inject' annotation found and supported for autowiring
2013-02-11 15:13:01,247 INFO  org.springframework.beans.factory.support.DefaultListableBeanFactory - Pre-instantiating singletons in org.springframework.beans.factory.support.DefaultListableBeanFactory@58014017: defining beans [org.springframework.context.config.internalBeanConfigurerAspect,usersDAODatabaseImpl,usersService,org.springframework.context.annotation.internalConfigurationAnnotationProcessor,org.springframework.context.annotation.internalAutowiredAnnotationProcessor,org.springframework.context.annotation.internalRequiredAnnotationProcessor,org.springframework.context.annotation.internalCommonAnnotationProcessor,org.springframework.context.annotation.internalPersistenceAnnotationProcessor,org.springframework.transaction.config.internalTransactionAspect,transactionManager,dataSource,entityManagerFactory,org.springframework.context.annotation.ConfigurationClassPostProcessor$ImportAwareBeanPostProcessor#0]; root of factory hierarchy
2013-02-11 15:13:01,705 INFO  com.mchange.v2.log.MLog - MLog clients using log4j logging.
2013-02-11 15:13:01,959 INFO  com.mchange.v2.c3p0.C3P0Registry - Initializing c3p0-0.9.1.2 [built 21-May-2007 15:04:56; debug? true; trace: 10]
2013-02-11 15:13:02,670 INFO  org.springframework.orm.jpa.LocalContainerEntityManagerFactoryBean - Building JPA container EntityManagerFactory for persistence unit 'persistenceUnit'
2013-02-11 15:13:03,094 INFO  org.hibernate.annotations.common.Version - HCANN000001: Hibernate Commons Annotations {4.0.1.Final}
2013-02-11 15:13:03,117 INFO  org.hibernate.Version - HHH000412: Hibernate Core {4.1.5.SP1}
2013-02-11 15:13:03,128 INFO  org.hibernate.cfg.Environment - HHH000206: hibernate.properties not found
2013-02-11 15:13:03,135 INFO  org.hibernate.cfg.Environment - HHH000021: Bytecode provider name : javassist
2013-02-11 15:13:03,200 INFO  org.hibernate.ejb.Ejb3Configuration - HHH000204: Processing PersistenceUnitInfo [
	name: persistenceUnit
	...]
2013-02-11 15:13:03,773 INFO  org.hibernate.service.jdbc.connections.internal.ConnectionProviderInitiator - HHH000130: Instantiating explicit connection provider: org.hibernate.ejb.connection.InjectedDataSourceConnectionProvider
2013-02-11 15:13:04,090 INFO  com.mchange.v2.c3p0.impl.AbstractPoolBackedDataSource - Initializing c3p0 pool... com.mchange.v2.c3p0.ComboPooledDataSource [ acquireIncrement -> 5, acquireRetryAttempts -> 30, acquireRetryDelay -> 1000, autoCommitOnClose -> false, automaticTestTable -> null, breakAfterAcquireFailure -> false, checkoutTimeout -> 25200, connectionCustomizerClassName -> null, connectionTesterClassName -> com.mchange.v2.c3p0.impl.DefaultConnectionTester, dataSourceName -> apa, debugUnreturnedConnectionStackTraces -> false, description -> null, driverClass -> org.hsqldb.jdbcDriver, factoryClassLocation -> null, forceIgnoreUnresolvedTransactions -> false, identityToken -> 2t7q658s1jvlm5t15xqbp2|113a853a, idleConnectionTestPeriod -> 14400, initialPoolSize -> 10, jdbcUrl -> jdbc:hsqldb:file:mem, maxAdministrativeTaskTime -> 0, maxConnectionAge -> 0, maxIdleTime -> 0, maxIdleTimeExcessConnections -> 0, maxPoolSize -> 100, maxStatements -> 0, maxStatementsPerConnection -> 0, minPoolSize -> 10, numHelperThreads -> 3, numThreadsAwaitingCheckoutDefaultUser -> 0, preferredTestQuery -> null, properties -> {user=******, c3p0.max_statements=0, password=******, c3p0.preferredTestQuery=select 1;, c3p0.max_size=100, c3p0.min_size=10}, propertyCycle -> 0, testConnectionOnCheckin -> false, testConnectionOnCheckout -> false, unreturnedConnectionTimeout -> 0, usesTraditionalReflectiveProxies -> false ]
2013-02-11 15:13:05,035 INFO  hsqldb.db.HSQLDB3CC8F617F2.ENGINE - checkpointClose start
2013-02-11 15:13:05,067 INFO  hsqldb.db.HSQLDB3CC8F617F2.ENGINE - checkpointClose end
2013-02-11 15:13:05,211 INFO  org.hibernate.dialect.Dialect - HHH000400: Using dialect: org.hibernate.dialect.HSQLDialect
2013-02-11 15:13:05,243 INFO  org.hibernate.engine.jdbc.internal.LobCreatorBuilder - HHH000424: Disabling contextual LOB creation as createClob() method threw error : java.lang.reflect.InvocationTargetException
2013-02-11 15:13:05,275 INFO  org.hibernate.engine.transaction.internal.TransactionFactoryInitiator - HHH000268: Transaction strategy: org.hibernate.engine.transaction.internal.jdbc.JdbcTransactionFactory
2013-02-11 15:13:05,293 INFO  org.hibernate.hql.internal.ast.ASTQueryTranslatorFactory - HHH000397: Using ASTQueryTranslatorFactory
2013-02-11 15:13:05,861 INFO  org.hibernate.tool.hbm2ddl.SchemaExport - HHH000227: Running hbm2ddl schema export
2013-02-11 15:13:05,887 INFO  org.hibernate.tool.hbm2ddl.SchemaExport - HHH000230: Schema export complete
2013-02-11 15:13:06,157 INFO  org.springframework.web.context.ContextLoader - Root WebApplicationContext: initialization completed in 6343 ms
2013-02-11 15:14:21,461 INFO  org.springframework.web.context.support.XmlWebApplicationContext - Closing Root WebApplicationContext: startup date [Mon Feb 11 15:12:59 EET 2013]; root of context hierarchy
2013-02-11 15:14:21,479 INFO  org.springframework.beans.factory.support.DefaultListableBeanFactory - Destroying singletons in org.springframework.beans.factory.support.DefaultListableBeanFactory@58014017: defining beans [org.springframework.context.config.internalBeanConfigurerAspect,usersDAODatabaseImpl,usersService,org.springframework.context.annotation.internalConfigurationAnnotationProcessor,org.springframework.context.annotation.internalAutowiredAnnotationProcessor,org.springframework.context.annotation.internalRequiredAnnotationProcessor,org.springframework.context.annotation.internalCommonAnnotationProcessor,org.springframework.context.annotation.internalPersistenceAnnotationProcessor,org.springframework.transaction.config.internalTransactionAspect,transactionManager,dataSource,entityManagerFactory,org.springframework.context.annotation.ConfigurationClassPostProcessor$ImportAwareBeanPostProcessor#0]; root of factory hierarchy
2013-02-11 15:14:21,513 INFO  org.springframework.orm.jpa.LocalContainerEntityManagerFactoryBean - Closing JPA EntityManagerFactory for persistence unit 'persistenceUnit'
2013-02-11 15:40:59,154 INFO  org.springframework.web.context.ContextLoader - Root WebApplicationContext: initialization started
2013-02-11 15:40:59,362 INFO  org.springframework.web.context.support.XmlWebApplicationContext - Refreshing Root WebApplicationContext: startup date [Mon Feb 11 15:40:59 EET 2013]; root of context hierarchy
2013-02-11 15:40:59,501 INFO  org.springframework.beans.factory.xml.XmlBeanDefinitionReader - Loading XML bean definitions from class path resource [applicationContext.xml]
2013-02-11 15:40:59,962 INFO  org.springframework.context.annotation.ClassPathBeanDefinitionScanner - JSR-330 'javax.inject.Named' annotation found and supported for component scanning
2013-02-11 15:41:00,555 INFO  org.springframework.beans.factory.annotation.AutowiredAnnotationBeanPostProcessor - JSR-330 'javax.inject.Inject' annotation found and supported for autowiring
2013-02-11 15:41:00,593 INFO  org.springframework.beans.factory.support.DefaultListableBeanFactory - Pre-instantiating singletons in org.springframework.beans.factory.support.DefaultListableBeanFactory@5a59a1c3: defining beans [org.springframework.context.config.internalBeanConfigurerAspect,usersDAODatabaseImpl,usersService,org.springframework.context.annotation.internalConfigurationAnnotationProcessor,org.springframework.context.annotation.internalAutowiredAnnotationProcessor,org.springframework.context.annotation.internalRequiredAnnotationProcessor,org.springframework.context.annotation.internalCommonAnnotationProcessor,org.springframework.context.annotation.internalPersistenceAnnotationProcessor,org.springframework.transaction.config.internalTransactionAspect,transactionManager,dataSource,entityManagerFactory,org.springframework.context.annotation.ConfigurationClassPostProcessor$ImportAwareBeanPostProcessor#0]; root of factory hierarchy
2013-02-11 15:41:01,016 INFO  com.mchange.v2.log.MLog - MLog clients using log4j logging.
2013-02-11 15:41:01,270 INFO  com.mchange.v2.c3p0.C3P0Registry - Initializing c3p0-0.9.1.2 [built 21-May-2007 15:04:56; debug? true; trace: 10]
2013-02-11 15:41:02,172 INFO  org.springframework.orm.jpa.LocalContainerEntityManagerFactoryBean - Building JPA container EntityManagerFactory for persistence unit 'persistenceUnit'
2013-02-11 15:41:02,592 INFO  org.hibernate.annotations.common.Version - HCANN000001: Hibernate Commons Annotations {4.0.1.Final}
2013-02-11 15:41:02,617 INFO  org.hibernate.Version - HHH000412: Hibernate Core {4.1.5.SP1}
2013-02-11 15:41:02,627 INFO  org.hibernate.cfg.Environment - HHH000206: hibernate.properties not found
2013-02-11 15:41:02,635 INFO  org.hibernate.cfg.Environment - HHH000021: Bytecode provider name : javassist
2013-02-11 15:41:02,701 INFO  org.hibernate.ejb.Ejb3Configuration - HHH000204: Processing PersistenceUnitInfo [
	name: persistenceUnit
	...]
2013-02-11 15:41:03,292 INFO  org.hibernate.service.jdbc.connections.internal.ConnectionProviderInitiator - HHH000130: Instantiating explicit connection provider: org.hibernate.ejb.connection.InjectedDataSourceConnectionProvider
2013-02-11 15:41:03,529 INFO  com.mchange.v2.c3p0.impl.AbstractPoolBackedDataSource - Initializing c3p0 pool... com.mchange.v2.c3p0.ComboPooledDataSource [ acquireIncrement -> 5, acquireRetryAttempts -> 30, acquireRetryDelay -> 1000, autoCommitOnClose -> false, automaticTestTable -> null, breakAfterAcquireFailure -> false, checkoutTimeout -> 25200, connectionCustomizerClassName -> null, connectionTesterClassName -> com.mchange.v2.c3p0.impl.DefaultConnectionTester, dataSourceName -> apa, debugUnreturnedConnectionStackTraces -> false, description -> null, driverClass -> org.hsqldb.jdbcDriver, factoryClassLocation -> null, forceIgnoreUnresolvedTransactions -> false, identityToken -> 2t7q658s1jwllxjrgndac|22810495, idleConnectionTestPeriod -> 14400, initialPoolSize -> 10, jdbcUrl -> jdbc:hsqldb:file:mem, maxAdministrativeTaskTime -> 0, maxConnectionAge -> 0, maxIdleTime -> 0, maxIdleTimeExcessConnections -> 0, maxPoolSize -> 100, maxStatements -> 0, maxStatementsPerConnection -> 0, minPoolSize -> 10, numHelperThreads -> 3, numThreadsAwaitingCheckoutDefaultUser -> 0, preferredTestQuery -> null, properties -> {user=******, c3p0.max_statements=0, password=******, c3p0.preferredTestQuery=select 1;, c3p0.max_size=100, c3p0.min_size=10}, propertyCycle -> 0, testConnectionOnCheckin -> false, testConnectionOnCheckout -> false, unreturnedConnectionTimeout -> 0, usesTraditionalReflectiveProxies -> false ]
2013-02-11 15:41:04,499 INFO  hsqldb.db.HSQLDB3CC8F617F2.ENGINE - checkpointClose start
2013-02-11 15:41:04,544 INFO  hsqldb.db.HSQLDB3CC8F617F2.ENGINE - checkpointClose end
2013-02-11 15:41:04,723 INFO  org.hibernate.dialect.Dialect - HHH000400: Using dialect: org.hibernate.dialect.HSQLDialect
2013-02-11 15:41:04,754 INFO  org.hibernate.engine.jdbc.internal.LobCreatorBuilder - HHH000424: Disabling contextual LOB creation as createClob() method threw error : java.lang.reflect.InvocationTargetException
2013-02-11 15:41:04,788 INFO  org.hibernate.engine.transaction.internal.TransactionFactoryInitiator - HHH000268: Transaction strategy: org.hibernate.engine.transaction.internal.jdbc.JdbcTransactionFactory
2013-02-11 15:41:04,806 INFO  org.hibernate.hql.internal.ast.ASTQueryTranslatorFactory - HHH000397: Using ASTQueryTranslatorFactory
2013-02-11 15:41:05,367 INFO  org.hibernate.tool.hbm2ddl.SchemaExport - HHH000227: Running hbm2ddl schema export
2013-02-11 15:41:05,392 INFO  org.hibernate.tool.hbm2ddl.SchemaExport - HHH000230: Schema export complete
2013-02-11 15:41:05,660 INFO  org.springframework.web.context.ContextLoader - Root WebApplicationContext: initialization completed in 6502 ms
2013-02-11 15:50:16,319 INFO  org.springframework.web.context.support.XmlWebApplicationContext - Closing Root WebApplicationContext: startup date [Mon Feb 11 15:40:59 EET 2013]; root of context hierarchy
2013-02-11 15:50:16,326 INFO  org.springframework.beans.factory.support.DefaultListableBeanFactory - Destroying singletons in org.springframework.beans.factory.support.DefaultListableBeanFactory@5a59a1c3: defining beans [org.springframework.context.config.internalBeanConfigurerAspect,usersDAODatabaseImpl,usersService,org.springframework.context.annotation.internalConfigurationAnnotationProcessor,org.springframework.context.annotation.internalAutowiredAnnotationProcessor,org.springframework.context.annotation.internalRequiredAnnotationProcessor,org.springframework.context.annotation.internalCommonAnnotationProcessor,org.springframework.context.annotation.internalPersistenceAnnotationProcessor,org.springframework.transaction.config.internalTransactionAspect,transactionManager,dataSource,entityManagerFactory,org.springframework.context.annotation.ConfigurationClassPostProcessor$ImportAwareBeanPostProcessor#0]; root of factory hierarchy
2013-02-11 15:50:16,358 INFO  org.springframework.orm.jpa.LocalContainerEntityManagerFactoryBean - Closing JPA EntityManagerFactory for persistence unit 'persistenceUnit'
2013-02-11 15:50:43,838 INFO  org.springframework.web.context.ContextLoader - Root WebApplicationContext: initialization started
2013-02-11 15:50:44,072 INFO  org.springframework.web.context.support.XmlWebApplicationContext - Refreshing Root WebApplicationContext: startup date [Mon Feb 11 15:50:44 EET 2013]; root of context hierarchy
2013-02-11 15:50:44,240 INFO  org.springframework.beans.factory.xml.XmlBeanDefinitionReader - Loading XML bean definitions from class path resource [applicationContext.xml]
2013-02-11 15:50:44,748 INFO  org.springframework.context.annotation.ClassPathBeanDefinitionScanner - JSR-330 'javax.inject.Named' annotation found and supported for component scanning
2013-02-11 15:50:45,391 INFO  org.springframework.beans.factory.annotation.AutowiredAnnotationBeanPostProcessor - JSR-330 'javax.inject.Inject' annotation found and supported for autowiring
2013-02-11 15:50:45,446 INFO  org.springframework.beans.factory.support.DefaultListableBeanFactory - Pre-instantiating singletons in org.springframework.beans.factory.support.DefaultListableBeanFactory@5a746dbb: defining beans [org.springframework.context.config.internalBeanConfigurerAspect,usersDAODatabaseImpl,usersService,org.springframework.context.annotation.internalConfigurationAnnotationProcessor,org.springframework.context.annotation.internalAutowiredAnnotationProcessor,org.springframework.context.annotation.internalRequiredAnnotationProcessor,org.springframework.context.annotation.internalCommonAnnotationProcessor,org.springframework.context.annotation.internalPersistenceAnnotationProcessor,org.springframework.transaction.config.internalTransactionAspect,transactionManager,dataSource,entityManagerFactory,org.springframework.context.annotation.ConfigurationClassPostProcessor$ImportAwareBeanPostProcessor#0]; root of factory hierarchy
2013-02-11 15:50:46,023 INFO  com.mchange.v2.log.MLog - MLog clients using log4j logging.
2013-02-11 15:50:46,433 INFO  com.mchange.v2.c3p0.C3P0Registry - Initializing c3p0-0.9.1.2 [built 21-May-2007 15:04:56; debug? true; trace: 10]
2013-02-11 15:50:47,321 INFO  org.springframework.orm.jpa.LocalContainerEntityManagerFactoryBean - Building JPA container EntityManagerFactory for persistence unit 'persistenceUnit'
2013-02-11 15:50:47,884 INFO  org.hibernate.annotations.common.Version - HCANN000001: Hibernate Commons Annotations {4.0.1.Final}
2013-02-11 15:50:47,911 INFO  org.hibernate.Version - HHH000412: Hibernate Core {4.1.5.SP1}
2013-02-11 15:50:47,927 INFO  org.hibernate.cfg.Environment - HHH000206: hibernate.properties not found
2013-02-11 15:50:47,934 INFO  org.hibernate.cfg.Environment - HHH000021: Bytecode provider name : javassist
2013-02-11 15:50:48,028 INFO  org.hibernate.ejb.Ejb3Configuration - HHH000204: Processing PersistenceUnitInfo [
	name: persistenceUnit
	...]
2013-02-11 15:50:48,843 INFO  org.hibernate.service.jdbc.connections.internal.ConnectionProviderInitiator - HHH000130: Instantiating explicit connection provider: org.hibernate.ejb.connection.InjectedDataSourceConnectionProvider
2013-02-11 15:50:49,117 INFO  com.mchange.v2.c3p0.impl.AbstractPoolBackedDataSource - Initializing c3p0 pool... com.mchange.v2.c3p0.ComboPooledDataSource [ acquireIncrement -> 5, acquireRetryAttempts -> 30, acquireRetryDelay -> 1000, autoCommitOnClose -> false, automaticTestTable -> null, breakAfterAcquireFailure -> false, checkoutTimeout -> 25200, connectionCustomizerClassName -> null, connectionTesterClassName -> com.mchange.v2.c3p0.impl.DefaultConnectionTester, dataSourceName -> apa, debugUnreturnedConnectionStackTraces -> false, description -> null, driverClass -> org.hsqldb.jdbcDriver, factoryClassLocation -> null, forceIgnoreUnresolvedTransactions -> false, identityToken -> 2t7q658s1jwy5cw1chy99b|69603786, idleConnectionTestPeriod -> 14400, initialPoolSize -> 10, jdbcUrl -> jdbc:hsqldb:file:mem, maxAdministrativeTaskTime -> 0, maxConnectionAge -> 0, maxIdleTime -> 0, maxIdleTimeExcessConnections -> 0, maxPoolSize -> 100, maxStatements -> 0, maxStatementsPerConnection -> 0, minPoolSize -> 10, numHelperThreads -> 3, numThreadsAwaitingCheckoutDefaultUser -> 0, preferredTestQuery -> null, properties -> {user=******, c3p0.max_statements=0, password=******, c3p0.preferredTestQuery=select 1;, c3p0.max_size=100, c3p0.min_size=10}, propertyCycle -> 0, testConnectionOnCheckin -> false, testConnectionOnCheckout -> false, unreturnedConnectionTimeout -> 0, usesTraditionalReflectiveProxies -> false ]
2013-02-11 15:50:50,169 INFO  hsqldb.db.HSQLDB3CC8F617F2.ENGINE - checkpointClose start
2013-02-11 15:50:50,216 INFO  hsqldb.db.HSQLDB3CC8F617F2.ENGINE - checkpointClose end
2013-02-11 15:50:50,391 INFO  org.hibernate.dialect.Dialect - HHH000400: Using dialect: org.hibernate.dialect.HSQLDialect
2013-02-11 15:50:50,429 INFO  org.hibernate.engine.jdbc.internal.LobCreatorBuilder - HHH000424: Disabling contextual LOB creation as createClob() method threw error : java.lang.reflect.InvocationTargetException
2013-02-11 15:50:50,471 INFO  org.hibernate.engine.transaction.internal.TransactionFactoryInitiator - HHH000268: Transaction strategy: org.hibernate.engine.transaction.internal.jdbc.JdbcTransactionFactory
2013-02-11 15:50:50,491 INFO  org.hibernate.hql.internal.ast.ASTQueryTranslatorFactory - HHH000397: Using ASTQueryTranslatorFactory
2013-02-11 15:50:51,198 INFO  org.hibernate.tool.hbm2ddl.SchemaExport - HHH000227: Running hbm2ddl schema export
2013-02-11 15:50:51,229 INFO  org.hibernate.tool.hbm2ddl.SchemaExport - HHH000230: Schema export complete
2013-02-11 15:50:51,541 INFO  org.springframework.web.context.ContextLoader - Root WebApplicationContext: initialization completed in 7699 ms
2013-02-11 15:52:50,369 INFO  org.springframework.web.context.support.XmlWebApplicationContext - Closing Root WebApplicationContext: startup date [Mon Feb 11 15:50:44 EET 2013]; root of context hierarchy
2013-02-11 15:52:50,376 INFO  org.springframework.beans.factory.support.DefaultListableBeanFactory - Destroying singletons in org.springframework.beans.factory.support.DefaultListableBeanFactory@5a746dbb: defining beans [org.springframework.context.config.internalBeanConfigurerAspect,usersDAODatabaseImpl,usersService,org.springframework.context.annotation.internalConfigurationAnnotationProcessor,org.springframework.context.annotation.internalAutowiredAnnotationProcessor,org.springframework.context.annotation.internalRequiredAnnotationProcessor,org.springframework.context.annotation.internalCommonAnnotationProcessor,org.springframework.context.annotation.internalPersistenceAnnotationProcessor,org.springframework.transaction.config.internalTransactionAspect,transactionManager,dataSource,entityManagerFactory,org.springframework.context.annotation.ConfigurationClassPostProcessor$ImportAwareBeanPostProcessor#0]; root of factory hierarchy
2013-02-11 15:52:50,405 INFO  org.springframework.orm.jpa.LocalContainerEntityManagerFactoryBean - Closing JPA EntityManagerFactory for persistence unit 'persistenceUnit'
2013-02-11 15:53:27,325 INFO  org.springframework.web.context.ContextLoader - Root WebApplicationContext: initialization started
2013-02-11 15:53:27,509 INFO  org.springframework.web.context.support.XmlWebApplicationContext - Refreshing Root WebApplicationContext: startup date [Mon Feb 11 15:53:27 EET 2013]; root of context hierarchy
2013-02-11 15:53:27,642 INFO  org.springframework.beans.factory.xml.XmlBeanDefinitionReader - Loading XML bean definitions from class path resource [applicationContext.xml]
2013-02-11 15:53:28,054 INFO  org.springframework.context.annotation.ClassPathBeanDefinitionScanner - JSR-330 'javax.inject.Named' annotation found and supported for component scanning
2013-02-11 15:53:28,583 INFO  org.springframework.beans.factory.annotation.AutowiredAnnotationBeanPostProcessor - JSR-330 'javax.inject.Inject' annotation found and supported for autowiring
2013-02-11 15:53:28,624 INFO  org.springframework.beans.factory.support.DefaultListableBeanFactory - Pre-instantiating singletons in org.springframework.beans.factory.support.DefaultListableBeanFactory@3eede9bd: defining beans [org.springframework.context.config.internalBeanConfigurerAspect,usersDAODatabaseImpl,usersService,org.springframework.context.annotation.internalConfigurationAnnotationProcessor,org.springframework.context.annotation.internalAutowiredAnnotationProcessor,org.springframework.context.annotation.internalRequiredAnnotationProcessor,org.springframework.context.annotation.internalCommonAnnotationProcessor,org.springframework.context.annotation.internalPersistenceAnnotationProcessor,org.springframework.transaction.config.internalTransactionAspect,transactionManager,dataSource,entityManagerFactory,org.springframework.context.annotation.ConfigurationClassPostProcessor$ImportAwareBeanPostProcessor#0]; root of factory hierarchy
2013-02-11 15:53:29,068 INFO  com.mchange.v2.log.MLog - MLog clients using log4j logging.
2013-02-11 15:53:29,375 INFO  com.mchange.v2.c3p0.C3P0Registry - Initializing c3p0-0.9.1.2 [built 21-May-2007 15:04:56; debug? true; trace: 10]
2013-02-11 15:53:30,067 INFO  org.springframework.orm.jpa.LocalContainerEntityManagerFactoryBean - Building JPA container EntityManagerFactory for persistence unit 'persistenceUnit'
2013-02-11 15:53:30,514 INFO  org.hibernate.annotations.common.Version - HCANN000001: Hibernate Commons Annotations {4.0.1.Final}
2013-02-11 15:53:30,538 INFO  org.hibernate.Version - HHH000412: Hibernate Core {4.1.5.SP1}
2013-02-11 15:53:30,551 INFO  org.hibernate.cfg.Environment - HHH000206: hibernate.properties not found
2013-02-11 15:53:30,558 INFO  org.hibernate.cfg.Environment - HHH000021: Bytecode provider name : javassist
2013-02-11 15:53:30,630 INFO  org.hibernate.ejb.Ejb3Configuration - HHH000204: Processing PersistenceUnitInfo [
	name: persistenceUnit
	...]
2013-02-11 15:53:31,400 INFO  org.hibernate.service.jdbc.connections.internal.ConnectionProviderInitiator - HHH000130: Instantiating explicit connection provider: org.hibernate.ejb.connection.InjectedDataSourceConnectionProvider
2013-02-11 15:53:31,611 INFO  com.mchange.v2.c3p0.impl.AbstractPoolBackedDataSource - Initializing c3p0 pool... com.mchange.v2.c3p0.ComboPooledDataSource [ acquireIncrement -> 5, acquireRetryAttempts -> 30, acquireRetryDelay -> 1000, autoCommitOnClose -> false, automaticTestTable -> null, breakAfterAcquireFailure -> false, checkoutTimeout -> 25200, connectionCustomizerClassName -> null, connectionTesterClassName -> com.mchange.v2.c3p0.impl.DefaultConnectionTester, dataSourceName -> apa, debugUnreturnedConnectionStackTraces -> false, description -> null, driverClass -> org.hsqldb.jdbcDriver, factoryClassLocation -> null, forceIgnoreUnresolvedTransactions -> false, identityToken -> 2t7q658s1jx1n4t9i26hy|25cb59dd, idleConnectionTestPeriod -> 14400, initialPoolSize -> 10, jdbcUrl -> jdbc:hsqldb:file:mem, maxAdministrativeTaskTime -> 0, maxConnectionAge -> 0, maxIdleTime -> 0, maxIdleTimeExcessConnections -> 0, maxPoolSize -> 100, maxStatements -> 0, maxStatementsPerConnection -> 0, minPoolSize -> 10, numHelperThreads -> 3, numThreadsAwaitingCheckoutDefaultUser -> 0, preferredTestQuery -> null, properties -> {user=******, c3p0.max_statements=0, password=******, c3p0.preferredTestQuery=select 1;, c3p0.max_size=100, c3p0.min_size=10}, propertyCycle -> 0, testConnectionOnCheckin -> false, testConnectionOnCheckout -> false, unreturnedConnectionTimeout -> 0, usesTraditionalReflectiveProxies -> false ]
2013-02-11 15:53:32,434 INFO  hsqldb.db.HSQLDB3CC8F617F2.ENGINE - checkpointClose start
2013-02-11 15:53:32,467 INFO  hsqldb.db.HSQLDB3CC8F617F2.ENGINE - checkpointClose end
2013-02-11 15:53:32,625 INFO  org.hibernate.dialect.Dialect - HHH000400: Using dialect: org.hibernate.dialect.HSQLDialect
2013-02-11 15:53:32,653 INFO  org.hibernate.engine.jdbc.internal.LobCreatorBuilder - HHH000424: Disabling contextual LOB creation as createClob() method threw error : java.lang.reflect.InvocationTargetException
2013-02-11 15:53:32,692 INFO  org.hibernate.engine.transaction.internal.TransactionFactoryInitiator - HHH000268: Transaction strategy: org.hibernate.engine.transaction.internal.jdbc.JdbcTransactionFactory
2013-02-11 15:53:32,712 INFO  org.hibernate.hql.internal.ast.ASTQueryTranslatorFactory - HHH000397: Using ASTQueryTranslatorFactory
2013-02-11 15:53:33,301 INFO  org.hibernate.tool.hbm2ddl.SchemaExport - HHH000227: Running hbm2ddl schema export
2013-02-11 15:53:33,330 INFO  org.hibernate.tool.hbm2ddl.SchemaExport - HHH000230: Schema export complete
2013-02-11 15:53:33,621 INFO  org.springframework.web.context.ContextLoader - Root WebApplicationContext: initialization completed in 6293 ms
2013-02-11 15:54:55,501 INFO  org.springframework.web.context.support.XmlWebApplicationContext - Closing Root WebApplicationContext: startup date [Mon Feb 11 15:53:27 EET 2013]; root of context hierarchy
2013-02-11 15:54:55,508 INFO  org.springframework.beans.factory.support.DefaultListableBeanFactory - Destroying singletons in org.springframework.beans.factory.support.DefaultListableBeanFactory@3eede9bd: defining beans [org.springframework.context.config.internalBeanConfigurerAspect,usersDAODatabaseImpl,usersService,org.springframework.context.annotation.internalConfigurationAnnotationProcessor,org.springframework.context.annotation.internalAutowiredAnnotationProcessor,org.springframework.context.annotation.internalRequiredAnnotationProcessor,org.springframework.context.annotation.internalCommonAnnotationProcessor,org.springframework.context.annotation.internalPersistenceAnnotationProcessor,org.springframework.transaction.config.internalTransactionAspect,transactionManager,dataSource,entityManagerFactory,org.springframework.context.annotation.ConfigurationClassPostProcessor$ImportAwareBeanPostProcessor#0]; root of factory hierarchy
2013-02-11 15:54:55,541 INFO  org.springframework.orm.jpa.LocalContainerEntityManagerFactoryBean - Closing JPA EntityManagerFactory for persistence unit 'persistenceUnit'
2013-02-11 15:56:47,366 INFO  org.springframework.web.context.ContextLoader - Root WebApplicationContext: initialization started
2013-02-11 15:56:47,550 INFO  org.springframework.web.context.support.XmlWebApplicationContext - Refreshing Root WebApplicationContext: startup date [Mon Feb 11 15:56:47 EET 2013]; root of context hierarchy
2013-02-11 15:56:47,681 INFO  org.springframework.beans.factory.xml.XmlBeanDefinitionReader - Loading XML bean definitions from class path resource [applicationContext.xml]
2013-02-11 15:56:48,086 INFO  org.springframework.context.annotation.ClassPathBeanDefinitionScanner - JSR-330 'javax.inject.Named' annotation found and supported for component scanning
2013-02-11 15:56:48,608 INFO  org.springframework.beans.factory.annotation.AutowiredAnnotationBeanPostProcessor - JSR-330 'javax.inject.Inject' annotation found and supported for autowiring
2013-02-11 15:56:48,647 INFO  org.springframework.beans.factory.support.DefaultListableBeanFactory - Pre-instantiating singletons in org.springframework.beans.factory.support.DefaultListableBeanFactory@6287e0dc: defining beans [org.springframework.context.config.internalBeanConfigurerAspect,usersDAODatabaseImpl,usersService,org.springframework.context.annotation.internalConfigurationAnnotationProcessor,org.springframework.context.annotation.internalAutowiredAnnotationProcessor,org.springframework.context.annotation.internalRequiredAnnotationProcessor,org.springframework.context.annotation.internalCommonAnnotationProcessor,org.springframework.context.annotation.internalPersistenceAnnotationProcessor,org.springframework.transaction.config.internalTransactionAspect,transactionManager,dataSource,entityManagerFactory,org.springframework.context.annotation.ConfigurationClassPostProcessor$ImportAwareBeanPostProcessor#0]; root of factory hierarchy
2013-02-11 15:56:49,096 INFO  com.mchange.v2.log.MLog - MLog clients using log4j logging.
2013-02-11 15:56:49,352 INFO  com.mchange.v2.c3p0.C3P0Registry - Initializing c3p0-0.9.1.2 [built 21-May-2007 15:04:56; debug? true; trace: 10]
2013-02-11 15:56:50,052 INFO  org.springframework.orm.jpa.LocalContainerEntityManagerFactoryBean - Building JPA container EntityManagerFactory for persistence unit 'persistenceUnit'
2013-02-11 15:56:50,530 INFO  org.hibernate.annotations.common.Version - HCANN000001: Hibernate Commons Annotations {4.0.1.Final}
2013-02-11 15:56:50,554 INFO  org.hibernate.Version - HHH000412: Hibernate Core {4.1.5.SP1}
2013-02-11 15:56:50,564 INFO  org.hibernate.cfg.Environment - HHH000206: hibernate.properties not found
2013-02-11 15:56:50,570 INFO  org.hibernate.cfg.Environment - HHH000021: Bytecode provider name : javassist
2013-02-11 15:56:50,639 INFO  org.hibernate.ejb.Ejb3Configuration - HHH000204: Processing PersistenceUnitInfo [
	name: persistenceUnit
	...]
2013-02-11 15:56:51,329 INFO  org.hibernate.service.jdbc.connections.internal.ConnectionProviderInitiator - HHH000130: Instantiating explicit connection provider: org.hibernate.ejb.connection.InjectedDataSourceConnectionProvider
2013-02-11 15:56:51,551 INFO  com.mchange.v2.c3p0.impl.AbstractPoolBackedDataSource - Initializing c3p0 pool... com.mchange.v2.c3p0.ComboPooledDataSource [ acquireIncrement -> 5, acquireRetryAttempts -> 30, acquireRetryDelay -> 1000, autoCommitOnClose -> false, automaticTestTable -> null, breakAfterAcquireFailure -> false, checkoutTimeout -> 25200, connectionCustomizerClassName -> null, connectionTesterClassName -> com.mchange.v2.c3p0.impl.DefaultConnectionTester, dataSourceName -> apa, debugUnreturnedConnectionStackTraces -> false, description -> null, driverClass -> org.hsqldb.jdbcDriver, factoryClassLocation -> null, forceIgnoreUnresolvedTransactions -> false, identityToken -> 2t7q658s1jx5xgx14kx3j3|63578cfd, idleConnectionTestPeriod -> 14400, initialPoolSize -> 10, jdbcUrl -> jdbc:hsqldb:file:mem, maxAdministrativeTaskTime -> 0, maxConnectionAge -> 0, maxIdleTime -> 0, maxIdleTimeExcessConnections -> 0, maxPoolSize -> 100, maxStatements -> 0, maxStatementsPerConnection -> 0, minPoolSize -> 10, numHelperThreads -> 3, numThreadsAwaitingCheckoutDefaultUser -> 0, preferredTestQuery -> null, properties -> {user=******, c3p0.max_statements=0, password=******, c3p0.preferredTestQuery=select 1;, c3p0.max_size=100, c3p0.min_size=10}, propertyCycle -> 0, testConnectionOnCheckin -> false, testConnectionOnCheckout -> false, unreturnedConnectionTimeout -> 0, usesTraditionalReflectiveProxies -> false ]
2013-02-11 15:56:52,465 INFO  hsqldb.db.HSQLDB3CC8F617F2.ENGINE - checkpointClose start
2013-02-11 15:56:52,498 INFO  hsqldb.db.HSQLDB3CC8F617F2.ENGINE - checkpointClose end
2013-02-11 15:56:52,650 INFO  org.hibernate.dialect.Dialect - HHH000400: Using dialect: org.hibernate.dialect.HSQLDialect
2013-02-11 15:56:52,679 INFO  org.hibernate.engine.jdbc.internal.LobCreatorBuilder - HHH000424: Disabling contextual LOB creation as createClob() method threw error : java.lang.reflect.InvocationTargetException
2013-02-11 15:56:52,715 INFO  org.hibernate.engine.transaction.internal.TransactionFactoryInitiator - HHH000268: Transaction strategy: org.hibernate.engine.transaction.internal.jdbc.JdbcTransactionFactory
2013-02-11 15:56:52,733 INFO  org.hibernate.hql.internal.ast.ASTQueryTranslatorFactory - HHH000397: Using ASTQueryTranslatorFactory
2013-02-11 15:56:53,318 INFO  org.hibernate.tool.hbm2ddl.SchemaExport - HHH000227: Running hbm2ddl schema export
2013-02-11 15:56:53,343 INFO  org.hibernate.tool.hbm2ddl.SchemaExport - HHH000230: Schema export complete
2013-02-11 15:56:53,618 INFO  org.springframework.web.context.ContextLoader - Root WebApplicationContext: initialization completed in 6249 ms
2013-02-11 15:58:24,072 INFO  org.springframework.web.context.support.XmlWebApplicationContext - Closing Root WebApplicationContext: startup date [Mon Feb 11 15:56:47 EET 2013]; root of context hierarchy
2013-02-11 15:58:24,078 INFO  org.springframework.beans.factory.support.DefaultListableBeanFactory - Destroying singletons in org.springframework.beans.factory.support.DefaultListableBeanFactory@6287e0dc: defining beans [org.springframework.context.config.internalBeanConfigurerAspect,usersDAODatabaseImpl,usersService,org.springframework.context.annotation.internalConfigurationAnnotationProcessor,org.springframework.context.annotation.internalAutowiredAnnotationProcessor,org.springframework.context.annotation.internalRequiredAnnotationProcessor,org.springframework.context.annotation.internalCommonAnnotationProcessor,org.springframework.context.annotation.internalPersistenceAnnotationProcessor,org.springframework.transaction.config.internalTransactionAspect,transactionManager,dataSource,entityManagerFactory,org.springframework.context.annotation.ConfigurationClassPostProcessor$ImportAwareBeanPostProcessor#0]; root of factory hierarchy
2013-02-11 15:58:24,093 INFO  org.springframework.orm.jpa.LocalContainerEntityManagerFactoryBean - Closing JPA EntityManagerFactory for persistence unit 'persistenceUnit'
2013-02-11 16:01:20,766 INFO  org.springframework.web.context.ContextLoader - Root WebApplicationContext: initialization started
2013-02-11 16:01:20,939 INFO  org.springframework.web.context.support.XmlWebApplicationContext - Refreshing Root WebApplicationContext: startup date [Mon Feb 11 16:01:20 EET 2013]; root of context hierarchy
2013-02-11 16:01:21,076 INFO  org.springframework.beans.factory.xml.XmlBeanDefinitionReader - Loading XML bean definitions from class path resource [applicationContext.xml]
2013-02-11 16:01:21,460 INFO  org.springframework.context.annotation.ClassPathBeanDefinitionScanner - JSR-330 'javax.inject.Named' annotation found and supported for component scanning
2013-02-11 16:01:22,005 INFO  org.springframework.beans.factory.annotation.AutowiredAnnotationBeanPostProcessor - JSR-330 'javax.inject.Inject' annotation found and supported for autowiring
2013-02-11 16:01:22,045 INFO  org.springframework.beans.factory.support.DefaultListableBeanFactory - Pre-instantiating singletons in org.springframework.beans.factory.support.DefaultListableBeanFactory@59687025: defining beans [org.springframework.context.config.internalBeanConfigurerAspect,usersDAODatabaseImpl,usersService,org.springframework.context.annotation.internalConfigurationAnnotationProcessor,org.springframework.context.annotation.internalAutowiredAnnotationProcessor,org.springframework.context.annotation.internalRequiredAnnotationProcessor,org.springframework.context.annotation.internalCommonAnnotationProcessor,org.springframework.context.annotation.internalPersistenceAnnotationProcessor,org.springframework.transaction.config.internalTransactionAspect,transactionManager,dataSource,entityManagerFactory,org.springframework.context.annotation.ConfigurationClassPostProcessor$ImportAwareBeanPostProcessor#0]; root of factory hierarchy
2013-02-11 16:01:22,505 INFO  com.mchange.v2.log.MLog - MLog clients using log4j logging.
2013-02-11 16:01:22,776 INFO  com.mchange.v2.c3p0.C3P0Registry - Initializing c3p0-0.9.1.2 [built 21-May-2007 15:04:56; debug? true; trace: 10]
2013-02-11 16:01:23,492 INFO  org.springframework.orm.jpa.LocalContainerEntityManagerFactoryBean - Building JPA container EntityManagerFactory for persistence unit 'persistenceUnit'
2013-02-11 16:01:23,928 INFO  org.hibernate.annotations.common.Version - HCANN000001: Hibernate Commons Annotations {4.0.1.Final}
2013-02-11 16:01:23,953 INFO  org.hibernate.Version - HHH000412: Hibernate Core {4.1.5.SP1}
2013-02-11 16:01:23,965 INFO  org.hibernate.cfg.Environment - HHH000206: hibernate.properties not found
2013-02-11 16:01:23,972 INFO  org.hibernate.cfg.Environment - HHH000021: Bytecode provider name : javassist
2013-02-11 16:01:24,036 INFO  org.hibernate.ejb.Ejb3Configuration - HHH000204: Processing PersistenceUnitInfo [
	name: persistenceUnit
	...]
2013-02-11 16:01:24,757 INFO  org.hibernate.service.jdbc.connections.internal.ConnectionProviderInitiator - HHH000130: Instantiating explicit connection provider: org.hibernate.ejb.connection.InjectedDataSourceConnectionProvider
2013-02-11 16:01:24,975 INFO  com.mchange.v2.c3p0.impl.AbstractPoolBackedDataSource - Initializing c3p0 pool... com.mchange.v2.c3p0.ComboPooledDataSource [ acquireIncrement -> 5, acquireRetryAttempts -> 30, acquireRetryDelay -> 1000, autoCommitOnClose -> false, automaticTestTable -> null, breakAfterAcquireFailure -> false, checkoutTimeout -> 25200, connectionCustomizerClassName -> null, connectionTesterClassName -> com.mchange.v2.c3p0.impl.DefaultConnectionTester, dataSourceName -> apa, debugUnreturnedConnectionStackTraces -> false, description -> null, driverClass -> org.hsqldb.jdbcDriver, factoryClassLocation -> null, forceIgnoreUnresolvedTransactions -> false, identityToken -> 2t7q658s1jxbsfo1kdhoh|286ee8d5, idleConnectionTestPeriod -> 14400, initialPoolSize -> 10, jdbcUrl -> jdbc:hsqldb:file:mem, maxAdministrativeTaskTime -> 0, maxConnectionAge -> 0, maxIdleTime -> 0, maxIdleTimeExcessConnections -> 0, maxPoolSize -> 100, maxStatements -> 0, maxStatementsPerConnection -> 0, minPoolSize -> 10, numHelperThreads -> 3, numThreadsAwaitingCheckoutDefaultUser -> 0, preferredTestQuery -> null, properties -> {user=******, c3p0.max_statements=0, password=******, c3p0.preferredTestQuery=select 1;, c3p0.max_size=100, c3p0.min_size=10}, propertyCycle -> 0, testConnectionOnCheckin -> false, testConnectionOnCheckout -> false, unreturnedConnectionTimeout -> 0, usesTraditionalReflectiveProxies -> false ]
2013-02-11 16:01:25,929 INFO  hsqldb.db.HSQLDB3CC8F617F2.ENGINE - checkpointClose start
2013-02-11 16:01:25,963 INFO  hsqldb.db.HSQLDB3CC8F617F2.ENGINE - checkpointClose end
2013-02-11 16:01:26,111 INFO  org.hibernate.dialect.Dialect - HHH000400: Using dialect: org.hibernate.dialect.HSQLDialect
2013-02-11 16:01:26,140 INFO  org.hibernate.engine.jdbc.internal.LobCreatorBuilder - HHH000424: Disabling contextual LOB creation as createClob() method threw error : java.lang.reflect.InvocationTargetException
2013-02-11 16:01:26,173 INFO  org.hibernate.engine.transaction.internal.TransactionFactoryInitiator - HHH000268: Transaction strategy: org.hibernate.engine.transaction.internal.jdbc.JdbcTransactionFactory
2013-02-11 16:01:26,190 INFO  org.hibernate.hql.internal.ast.ASTQueryTranslatorFactory - HHH000397: Using ASTQueryTranslatorFactory
2013-02-11 16:01:26,783 INFO  org.hibernate.tool.hbm2ddl.SchemaExport - HHH000227: Running hbm2ddl schema export
2013-02-11 16:01:26,808 INFO  org.hibernate.tool.hbm2ddl.SchemaExport - HHH000230: Schema export complete
2013-02-11 16:01:27,080 INFO  org.springframework.web.context.ContextLoader - Root WebApplicationContext: initialization completed in 6311 ms
2013-02-11 16:04:12,635 INFO  org.springframework.web.context.support.XmlWebApplicationContext - Closing Root WebApplicationContext: startup date [Mon Feb 11 16:01:20 EET 2013]; root of context hierarchy
2013-02-11 16:04:12,643 INFO  org.springframework.beans.factory.support.DefaultListableBeanFactory - Destroying singletons in org.springframework.beans.factory.support.DefaultListableBeanFactory@59687025: defining beans [org.springframework.context.config.internalBeanConfigurerAspect,usersDAODatabaseImpl,usersService,org.springframework.context.annotation.internalConfigurationAnnotationProcessor,org.springframework.context.annotation.internalAutowiredAnnotationProcessor,org.springframework.context.annotation.internalRequiredAnnotationProcessor,org.springframework.context.annotation.internalCommonAnnotationProcessor,org.springframework.context.annotation.internalPersistenceAnnotationProcessor,org.springframework.transaction.config.internalTransactionAspect,transactionManager,dataSource,entityManagerFactory,org.springframework.context.annotation.ConfigurationClassPostProcessor$ImportAwareBeanPostProcessor#0]; root of factory hierarchy
2013-02-11 16:04:12,657 INFO  org.springframework.orm.jpa.LocalContainerEntityManagerFactoryBean - Closing JPA EntityManagerFactory for persistence unit 'persistenceUnit'
